;  LST file generated by mikroListExporter - v.2.0 
; Date/Time: 09-Apr-20 5:43:17 PM
;----------------------------------------------

;Address Opcode 	ASM
0x0000	0x00F2940C  	JMP        242
0x0004	0x0000940C  	JMP        0
0x0008	0x0000940C  	JMP        0
0x000C	0x0000940C  	JMP        0
0x0010	0x0000940C  	JMP        0
0x0014	0x0000940C  	JMP        0
0x0018	0x0000940C  	JMP        0
0x001C	0x0000940C  	JMP        0
0x0020	0x0000940C  	JMP        0
0x0024	0x0000940C  	JMP        0
0x0028	0x0000940C  	JMP        0
0x002C	0x0000940C  	JMP        0
0x0030	0x0000940C  	JMP        0
0x0034	0x0000940C  	JMP        0
0x0038	0x0000940C  	JMP        0
0x003C	0x0000940C  	JMP        0
0x0040	0x0000940C  	JMP        0
0x0044	0x0000940C  	JMP        0
0x0048	0x0000940C  	JMP        0
0x004C	0x0000940C  	JMP        0
0x0050	0x0000940C  	JMP        0
_main:
0x01E4	0xE5BF    	LDI        R27, 95
0x01E6	0xBFBD    	OUT        SPL+0, R27
0x01E8	0xE0B4    	LDI        R27, 4
0x01EA	0xBFBE    	OUT        SPL+1, R27
0x01EC	0xB7CD    	IN         R28, SPL+0
0x01EE	0xB7DE    	IN         R29, SPL+1
0x01F0	0x972A    	SBIW       R28, 10
0x01F2	0xBFCD    	OUT        SPL+0, R28
0x01F4	0xBFDE    	OUT        SPL+1, R29
0x01F6	0x9621    	ADIW       R28, 1
;aplicatia3.mpas,5 :: 		begin
;aplicatia3.mpas,7 :: 		LCD_init;
0x01F8	0x922F    	PUSH       R2
0x01FA	0x923F    	PUSH       R3
0x01FC	0x924F    	PUSH       R4
0x01FE	0x925F    	PUSH       R5
0x0200	0xDF94    	RCALL      _lcd_init+0
;aplicatia3.mpas,8 :: 		LCD_text(1, 3, 'Mocanu');
0x0202	0x01FE    	MOVW       R30, R28
0x0204	0xE4BD    	LDI        R27, 77
0x0206	0x93B1    	ST         Z+, R27
0x0208	0xE6BF    	LDI        R27, 111
0x020A	0x93B1    	ST         Z+, R27
0x020C	0xE6B3    	LDI        R27, 99
0x020E	0x93B1    	ST         Z+, R27
0x0210	0xE6B1    	LDI        R27, 97
0x0212	0x93B1    	ST         Z+, R27
0x0214	0xE6BE    	LDI        R27, 110
0x0216	0x93B1    	ST         Z+, R27
0x0218	0xE7B5    	LDI        R27, 117
0x021A	0x93B1    	ST         Z+, R27
0x021C	0xE0B0    	LDI        R27, 0
0x021E	0x93B1    	ST         Z+, R27
0x0220	0x018E    	MOVW       R16, R28
0x0222	0x0128    	MOVW       R4, R16
0x0224	0xE0B3    	LDI        R27, 3
0x0226	0x2E3B    	MOV        R3, R27
0x0228	0xE0B1    	LDI        R27, 1
0x022A	0x2E2B    	MOV        R2, R27
0x022C	0xDFC2    	RCALL      _lcd_text+0
;aplicatia3.mpas,9 :: 		LCD_text(2, 4, 'Sebastian');
0x022E	0x01FE    	MOVW       R30, R28
0x0230	0xE5B3    	LDI        R27, 83
0x0232	0x93B1    	ST         Z+, R27
0x0234	0xE6B5    	LDI        R27, 101
0x0236	0x93B1    	ST         Z+, R27
0x0238	0xE6B2    	LDI        R27, 98
0x023A	0x93B1    	ST         Z+, R27
0x023C	0xE6B1    	LDI        R27, 97
0x023E	0x93B1    	ST         Z+, R27
0x0240	0xE7B3    	LDI        R27, 115
0x0242	0x93B1    	ST         Z+, R27
0x0244	0xE7B4    	LDI        R27, 116
0x0246	0x93B1    	ST         Z+, R27
0x0248	0xE6B9    	LDI        R27, 105
0x024A	0x93B1    	ST         Z+, R27
0x024C	0xE6B1    	LDI        R27, 97
0x024E	0x93B1    	ST         Z+, R27
0x0250	0xE6BE    	LDI        R27, 110
0x0252	0x93B1    	ST         Z+, R27
0x0254	0xE0B0    	LDI        R27, 0
0x0256	0x93B1    	ST         Z+, R27
0x0258	0x018E    	MOVW       R16, R28
0x025A	0x0128    	MOVW       R4, R16
0x025C	0xE0B4    	LDI        R27, 4
0x025E	0x2E3B    	MOV        R3, R27
0x0260	0xE0B2    	LDI        R27, 2
0x0262	0x2E2B    	MOV        R2, R27
0x0264	0xDFA6    	RCALL      _lcd_text+0
;aplicatia3.mpas,11 :: 		end.
L_end_main:
0x0266	0x905F    	POP        R5
0x0268	0x904F    	POP        R4
0x026A	0x903F    	POP        R3
0x026C	0x902F    	POP        R2
0x026E	0xCFFB    	RJMP       L_end_main
; end of _main
_lcd_init:
;Flexunit.mpas,151 :: 		begin
;Flexunit.mpas,153 :: 		ddrd.7:=1;
0x012A	0x922F    	PUSH       R2
0x012C	0x923F    	PUSH       R3
0x012E	0xB3B1    	IN         R27, DDRD+0
0x0130	0x68B0    	SBR        R27, 128
0x0132	0xBBB1    	OUT        DDRD+0, R27
;Flexunit.mpas,154 :: 		delay_ms(20);
0x0134	0xE022    	LDI        R18, lo_addr(R2)
0x0136	0xEA10    	LDI        R17, 160
0x0138	0xE903    	LDI        R16, 147
L__lcd_init39:
0x013A	0x950A    	DEC        R16
0x013C	0xF7F1    	BRNE       L__lcd_init39
0x013E	0x951A    	DEC        R17
0x0140	0xF7E1    	BRNE       L__lcd_init39
0x0142	0x952A    	DEC        R18
0x0144	0xF7D1    	BRNE       L__lcd_init39
0x0146	0x0000    	NOP
;Flexunit.mpas,155 :: 		lcd_comm(0,$30);
0x0148	0xE3B0    	LDI        R27, 48
0x014A	0x2E3B    	MOV        R3, R27
0x014C	0x2422    	CLR        R2
0x014E	0xDFA0    	RCALL      Flexunit_lcd_comm+0
;Flexunit.mpas,156 :: 		delay_ms(5);
0x0150	0xE618    	LDI        R17, 104
0x0152	0xEE05    	LDI        R16, 229
L__lcd_init41:
0x0154	0x950A    	DEC        R16
0x0156	0xF7F1    	BRNE       L__lcd_init41
0x0158	0x951A    	DEC        R17
0x015A	0xF7E1    	BRNE       L__lcd_init41
;Flexunit.mpas,157 :: 		lcd_comm(0,$30);
0x015C	0xE3B0    	LDI        R27, 48
0x015E	0x2E3B    	MOV        R3, R27
0x0160	0x2422    	CLR        R2
0x0162	0xDF96    	RCALL      Flexunit_lcd_comm+0
;Flexunit.mpas,158 :: 		delay_us(150);
0x0164	0xE014    	LDI        R17, lo_addr(R4)
0x0166	0xE10D    	LDI        R16, lo_addr(R29)
L__lcd_init43:
0x0168	0x950A    	DEC        R16
0x016A	0xF7F1    	BRNE       L__lcd_init43
0x016C	0x951A    	DEC        R17
0x016E	0xF7E1    	BRNE       L__lcd_init43
;Flexunit.mpas,159 :: 		lcd_comm(0,$30);
0x0170	0xE3B0    	LDI        R27, 48
0x0172	0x2E3B    	MOV        R3, R27
0x0174	0x2422    	CLR        R2
0x0176	0xDF8C    	RCALL      Flexunit_lcd_comm+0
;Flexunit.mpas,160 :: 		lcd_comm(0,$38);
0x0178	0xE3B8    	LDI        R27, 56
0x017A	0x2E3B    	MOV        R3, R27
0x017C	0x2422    	CLR        R2
0x017E	0xDF88    	RCALL      Flexunit_lcd_comm+0
;Flexunit.mpas,161 :: 		lcd_comm(0,$08);
0x0180	0xE0B8    	LDI        R27, 8
0x0182	0x2E3B    	MOV        R3, R27
0x0184	0x2422    	CLR        R2
0x0186	0xDF84    	RCALL      Flexunit_lcd_comm+0
;Flexunit.mpas,162 :: 		lcd_comm(0,$01);
0x0188	0xE0B1    	LDI        R27, 1
0x018A	0x2E3B    	MOV        R3, R27
0x018C	0x2422    	CLR        R2
0x018E	0xDF80    	RCALL      Flexunit_lcd_comm+0
;Flexunit.mpas,163 :: 		delay_ms(5);
0x0190	0xE618    	LDI        R17, 104
0x0192	0xEE05    	LDI        R16, 229
L__lcd_init45:
0x0194	0x950A    	DEC        R16
0x0196	0xF7F1    	BRNE       L__lcd_init45
0x0198	0x951A    	DEC        R17
0x019A	0xF7E1    	BRNE       L__lcd_init45
;Flexunit.mpas,164 :: 		lcd_comm(0,$06);
0x019C	0xE0B6    	LDI        R27, 6
0x019E	0x2E3B    	MOV        R3, R27
0x01A0	0x2422    	CLR        R2
0x01A2	0xDF76    	RCALL      Flexunit_lcd_comm+0
;Flexunit.mpas,165 :: 		lcd_comm(0,$0c);
0x01A4	0xE0BC    	LDI        R27, 12
0x01A6	0x2E3B    	MOV        R3, R27
0x01A8	0x2422    	CLR        R2
0x01AA	0xDF72    	RCALL      Flexunit_lcd_comm+0
;Flexunit.mpas,166 :: 		end;
L_end_lcd_init:
0x01AC	0x903F    	POP        R3
0x01AE	0x902F    	POP        R2
0x01B0	0x9508    	RET
; end of _lcd_init
Flexunit_lcd_comm:
0x0090	0x93CF    	PUSH       R28
0x0092	0x93DF    	PUSH       R29
0x0094	0xB7CD    	IN         R28, SPL+0
0x0096	0xB7DE    	IN         R29, SPL+1
0x0098	0x9722    	SBIW       R28, 2
0x009A	0xBFCD    	OUT        SPL+0, R28
0x009C	0xBFDE    	OUT        SPL+1, R29
0x009E	0x9621    	ADIW       R28, 1
;Flexunit.mpas,127 :: 		begin
;Flexunit.mpas,129 :: 		m:=ddrc;
0x00A0	0xB304    	IN         R16, DDRC+0
0x00A2	0x8308    	STD        Y+0, R16
;Flexunit.mpas,130 :: 		n:=portc;
; n start address is: 17 (R17)
0x00A4	0xB315    	IN         R17, PORTC+0
;Flexunit.mpas,131 :: 		o.0:=ddrd.6;
0x00A6	0xB3B1    	IN         R27, DDRD+0
0x00A8	0xFBB6    	BST        R27, 6
0x00AA	0x81B9    	LDD        R27, Y+1
0x00AC	0xF9B0    	BLD        R27, 0
0x00AE	0x83B9    	STD        Y+1, R27
;Flexunit.mpas,132 :: 		o.1:=portd.6;
0x00B0	0xB3B2    	IN         R27, PORTD+0
0x00B2	0xFBB6    	BST        R27, 6
0x00B4	0x81B9    	LDD        R27, Y+1
0x00B6	0xF9B1    	BLD        R27, 1
0x00B8	0x83B9    	STD        Y+1, R27
;Flexunit.mpas,134 :: 		ddrc:=$ff;
0x00BA	0xEFBF    	LDI        R27, 255
0x00BC	0xBBB4    	OUT        DDRC+0, R27
;Flexunit.mpas,135 :: 		ddrd.6:=1;
0x00BE	0xB3B1    	IN         R27, DDRD+0
0x00C0	0x64B0    	SBR        R27, 64
0x00C2	0xBBB1    	OUT        DDRD+0, R27
;Flexunit.mpas,136 :: 		if t=1 then portd.6:=1 else portd.6:=0;
0x00C4	0xE0B1    	LDI        R27, 1
0x00C6	0x162B    	CP         R2, R27
0x00C8	0xF421    	BRNE       L_Flexunit_lcd_comm30
L_Flexunit_lcd_comm88:
0x00CA	0xB3B2    	IN         R27, PORTD+0
0x00CC	0x64B0    	SBR        R27, 64
0x00CE	0xBBB2    	OUT        PORTD+0, R27
0x00D0	0xC003    	RJMP       L_Flexunit_lcd_comm31
L_Flexunit_lcd_comm30:
0x00D2	0xB3B2    	IN         R27, PORTD+0
0x00D4	0x7BBF    	CBR        R27, 64
0x00D6	0xBBB2    	OUT        PORTD+0, R27
L_Flexunit_lcd_comm31:
;Flexunit.mpas,137 :: 		portc:=b;
0x00D8	0xBA35    	OUT        PORTC+0, R3
;Flexunit.mpas,138 :: 		delay_us(20);
0x00DA	0xE60A    	LDI        R16, 106
L_Flexunit_lcd_comm32:
0x00DC	0x950A    	DEC        R16
0x00DE	0xF7F1    	BRNE       L_Flexunit_lcd_comm32
0x00E0	0x0000    	NOP
0x00E2	0x0000    	NOP
;Flexunit.mpas,139 :: 		portd.7:=1;
0x00E4	0xB3B2    	IN         R27, PORTD+0
0x00E6	0x68B0    	SBR        R27, 128
0x00E8	0xBBB2    	OUT        PORTD+0, R27
;Flexunit.mpas,140 :: 		delay_us(20);
0x00EA	0xE60A    	LDI        R16, 106
L_Flexunit_lcd_comm34:
0x00EC	0x950A    	DEC        R16
0x00EE	0xF7F1    	BRNE       L_Flexunit_lcd_comm34
0x00F0	0x0000    	NOP
0x00F2	0x0000    	NOP
;Flexunit.mpas,141 :: 		portd.7:=0;
0x00F4	0xB3B2    	IN         R27, PORTD+0
0x00F6	0x77BF    	CBR        R27, 128
0x00F8	0xBBB2    	OUT        PORTD+0, R27
;Flexunit.mpas,142 :: 		delay_us(20);
0x00FA	0xE60A    	LDI        R16, 106
L_Flexunit_lcd_comm36:
0x00FC	0x950A    	DEC        R16
0x00FE	0xF7F1    	BRNE       L_Flexunit_lcd_comm36
0x0100	0x0000    	NOP
0x0102	0x0000    	NOP
;Flexunit.mpas,144 :: 		ddrc:=m;
0x0104	0x8108    	LDD        R16, Y+0
0x0106	0xBB04    	OUT        DDRC+0, R16
;Flexunit.mpas,145 :: 		portc:=n;
0x0108	0xBB15    	OUT        PORTC+0, R17
; n end address is: 17 (R17)
;Flexunit.mpas,146 :: 		ddrd.6:=o.0;
0x010A	0x81B9    	LDD        R27, Y+1
0x010C	0xFBB0    	BST        R27, 0
0x010E	0xB3B1    	IN         R27, DDRD+0
0x0110	0xF9B6    	BLD        R27, 6
0x0112	0xBBB1    	OUT        DDRD+0, R27
;Flexunit.mpas,147 :: 		portd.6:=o.1;
0x0114	0x81B9    	LDD        R27, Y+1
0x0116	0xFBB1    	BST        R27, 1
0x0118	0xB3B2    	IN         R27, PORTD+0
0x011A	0xF9B6    	BLD        R27, 6
0x011C	0xBBB2    	OUT        PORTD+0, R27
;Flexunit.mpas,148 :: 		end;
L_end_lcd_comm:
0x011E	0x9621    	ADIW       R28, 1
0x0120	0xBFCD    	OUT        SPL+0, R28
0x0122	0xBFDE    	OUT        SPL+1, R29
0x0124	0x91DF    	POP        R29
0x0126	0x91CF    	POP        R28
0x0128	0x9508    	RET
; end of Flexunit_lcd_comm
_lcd_text:
;Flexunit.mpas,193 :: 		begin
;Flexunit.mpas,194 :: 		lcd_move(r,c);
0x01B2	0xDF50    	RCALL      _lcd_move+0
;Flexunit.mpas,195 :: 		i:=0;
; i start address is: 17 (R17)
; i start address is: 17 (R17)
0x01B4	0xE010    	LDI        R17, 0
; i end address is: 17 (R17)
; i end address is: 17 (R17)
;Flexunit.mpas,196 :: 		while s[i]<>0 do begin
L__lcd_text56:
; i start address is: 17 (R17)
0x01B6	0x2FE1    	MOV        R30, R17
0x01B8	0xE0F0    	LDI        R31, 0
0x01BA	0x0DE4    	ADD        R30, R4
0x01BC	0x1DF5    	ADC        R31, R5
0x01BE	0x8100    	LD         R16, Z
0x01C0	0x3000    	CPI        R16, 0
0x01C2	0xF079    	BREQ       L__lcd_text57
L__lcd_text96:
;Flexunit.mpas,197 :: 		lcd_data(s[i]);
0x01C4	0x2FE1    	MOV        R30, R17
0x01C6	0xE0F0    	LDI        R31, 0
0x01C8	0x0DE4    	ADD        R30, R4
0x01CA	0x1DF5    	ADC        R31, R5
0x01CC	0x8100    	LD         R16, Z
0x01CE	0x931F    	PUSH       R17
0x01D0	0x922F    	PUSH       R2
0x01D2	0x2E20    	MOV        R2, R16
0x01D4	0xDF54    	RCALL      _lcd_data+0
0x01D6	0x902F    	POP        R2
0x01D8	0x911F    	POP        R17
;Flexunit.mpas,198 :: 		inc(i);
0x01DA	0x2F01    	MOV        R16, R17
0x01DC	0x5F0F    	SUBI       R16, 255
0x01DE	0x2F10    	MOV        R17, R16
;Flexunit.mpas,199 :: 		end;
; i end address is: 17 (R17)
0x01E0	0xCFEA    	RJMP       L__lcd_text56
L__lcd_text57:
;Flexunit.mpas,200 :: 		end;
L_end_lcd_text:
0x01E2	0x9508    	RET
; end of _lcd_text
_lcd_move:
;Flexunit.mpas,184 :: 		begin
;Flexunit.mpas,185 :: 		if r=1 then
0x0054	0x922F    	PUSH       R2
0x0056	0x923F    	PUSH       R3
0x0058	0xE0B1    	LDI        R27, 1
0x005A	0x162B    	CP         R2, R27
0x005C	0xF439    	BRNE       L__lcd_move52
L__lcd_move94:
;Flexunit.mpas,186 :: 		lcd_comm(0,128+c-1)
0x005E	0x2D03    	MOV        R16, R3
0x0060	0x5800    	SUBI       R16, 128
0x0062	0x5001    	SUBI       R16, 1
0x0064	0x2E30    	MOV        R3, R16
0x0066	0x2422    	CLR        R2
0x0068	0xD013    	RCALL      Flexunit_lcd_comm+0
0x006A	0xC006    	RJMP       L__lcd_move53
;Flexunit.mpas,187 :: 		else
L__lcd_move52:
;Flexunit.mpas,188 :: 		lcd_comm(0,192+c-1);
0x006C	0x2D03    	MOV        R16, R3
0x006E	0x5400    	SUBI       R16, 64
0x0070	0x5001    	SUBI       R16, 1
0x0072	0x2E30    	MOV        R3, R16
0x0074	0x2422    	CLR        R2
0x0076	0xD00C    	RCALL      Flexunit_lcd_comm+0
L__lcd_move53:
;Flexunit.mpas,189 :: 		end;
L_end_lcd_move:
0x0078	0x903F    	POP        R3
0x007A	0x902F    	POP        R2
0x007C	0x9508    	RET
; end of _lcd_move
_lcd_data:
;Flexunit.mpas,169 :: 		begin
;Flexunit.mpas,170 :: 		lcd_comm(1,b);
0x007E	0x922F    	PUSH       R2
0x0080	0x923F    	PUSH       R3
0x0082	0x2C32    	MOV        R3, R2
0x0084	0xE0B1    	LDI        R27, 1
0x0086	0x2E2B    	MOV        R2, R27
0x0088	0xD003    	RCALL      Flexunit_lcd_comm+0
;Flexunit.mpas,171 :: 		end;
L_end_lcd_data:
0x008A	0x903F    	POP        R3
0x008C	0x902F    	POP        R2
0x008E	0x9508    	RET
; end of _lcd_data
Symbol List:
//** Routines locations **
//ADDRESS    SIZE    PROCEDURE
//----------------------------------------------
0x002A      [21]    _lcd_move
0x003F       [9]    _lcd_data
0x0048      [77]    Flexunit_lcd_comm
0x0095      [68]    _lcd_init
0x00D9      [25]    _lcd_text
0x00F2      [70]    _main
//** Variables locations ** 
//ADDRESS    SIZE    VARIABLE
//----------------------------------------------
0x0000       [1]    R0
0x0000       [1]    Delay_Cyc_loc
0x0001       [1]    R1
0x0002       [1]    FARG_UART1_Write_data_
0x0002       [2]    FARG_Mmc_Fat_Reset_size
0x0002       [1]    FARG_lcd_byte_r
0x0002       [2]    FARG_Glcd_Line_x_start
0x0002       [4]    FARG_tanh_x
0x0002       [2]    FARG_Mmc_Fat_Read_bdata_
0x0002       [2]    FARG_Spi_Lcd_Out_CP_text
0x0002       [2]    FARG_TP_TFT_Set_Calibration_Consts_x_min
0x0002       [4]    FARG_Cf_Read_Init_address
0x0002       [1]    FARG_islower_character
0x0002       [1]    FARG_T6963C_SetGrPanel_n
0x0002       [4]    FARG_cos_arg
0x0002       [1]    FARG_T6963C_SetTxtPanel_n
0x0002       [2]    FARG_TFT_PartialImage4bpp_left
0x0002       [2]    FARG_SPI_Ethernet_sendUDP_destIP
0x0002       [2]    FARG_T6963C_Rectangle_Round_Edges_x_upper_left
0x0002       [4]    FARG_cosh_x
0x0002       [2]    FARG_SPI_Ethernet_24j600_Enable_enFlt
0x0002       [2]    FARG_TP_Get_Calibration_Consts_x_min
0x0002       [2]    FARG_SPI_Ethernet_doUDP_start
0x0002       [4]    FARG_UART1_Init_Advanced_bps
0x0002       [1]    FARG_Spi_Lcd_Chr_CP_Out_Char
0x0002       [1]    FARG_Ps2_Get_Value_raw
0x0002       [2]    FARG_TFT_Image8bpp_left
0x0002       [2]    FARG_VDelay_Advanced_ms_Time_ms
0x0002       [1]    FARG_T6963C_DisplayTxtPanel_n
0x0002       [1]    FARG_Spi_Lcd_Out_row
0x0002       [1]    FARG_SPI_Glcd_Box_x_upper_left
0x0002       [2]    FARG_sinE3_angle_deg
0x0002       [2]    FARG_SPI_Ethernet_sendUDP2_destMAC
0x0002       [1]    FARG_Glcd_H_Line_x_start
0x0002       [2]    FARG_Mmc_Fat_Create_filename
0x0002       [1]    FARG_Glcd_V_Line_y_start
0x0002       [2]    FARG_TFT_PartialImage16bpp_left
0x0002       [2]    FARG_SPI_Ethernet_confNetwork_ipMask
0x0002       [1]    FARG_SPI_Ethernet_Disable_disFlt
0x0002       [2]    FARG_TP_TFT_Get_Calibration_Consts_x_min
0x0002       [1]    FARG_iscntrl_character
0x0002       [1]    FARG_lcd_text_r
0x0002       [2]    FARG_SPI_Ethernet_24j600_setUserHandlers_TCPHandler
0x0002       [1]    FARG_SPI_Glcd_Rectangle_Round_Edges_Fill_x_upper_left
0x0002       [1]    FARG_Soft_Spi_Read_sdata
0x0002       [1]    FARG_Spi_Lcd_Config_DeviceAddress
0x0002       [1]    FARG_isupper_character
0x0002       [2]    FARG_UART1_Write_Text_uart_text
0x0002       [2]    FARG_TFT_PartialImage8bpp_left
0x0002       [1]    FARG_isalpha_character
0x0002       [2]    FARG_SPI_Ethernet_24j600_sendUDP2_destMAC
0x0002       [2]    FARG_UART1_Read_Text_Output
0x0002       [1]    FARG_T6963C_Fill_v
0x0002       [1]    FARG_SPI_Ethernet_DHCPmsg_messageType
0x0002       [2]    FARG_Mmc_Fat_Assign_filename
0x0002       [2]    FARG_Mmc_Fat_Write_fdata
0x0002       [1]    FARG_T6963C_WriteData_mydata
0x0002       [4]    FARG_exp_x
0x0002       [2]    FARG_TP_Set_Calibration_Consts_x_min
0x0002       [4]    FARG_Mmc_Fat_Get_Swap_File_sectors_cnt
0x0002       [4]    FARG_modf_val
0x0002       [1]    FARG_CANSPISetOperationMode_mode
0x0002       [4]    FARG_TWI_Init_clock
0x0002       [2]    FARG_Mmc_Fat_QuickFormat_mmc_fat_label
0x0002       [1]    FARG_T6963C_WriteCommand_mydata
0x0002       [2]    FARG_CANSPIRead_id
0x0002       [2]    FARG_TP_Set_ADC_Threshold_threshold
0x0002       [2]    FARG_TFT_Image_left
0x0002       [2]    FARG_SPI_Ethernet_arpResolve_ip
0x0002       [2]    FARG_Ps2_Key_Read_value
0x0002       [1]    FARG_TWI_Write_data_
0x0002       [1]    FARG_CANSPIInitialize_SJW
0x0002       [4]    FARG_log_x
0x0002       [2]    FARG_Get_Hex_ddata
0x0002       [2]    FARG_TP_Get_Coordinates_x_coordinate
0x0002       [2]    FARG_TFT_Image16bpp_left
0x0002       [4]    FARG_log10_x
0x0002       [2]    FARG_Soft_UART_Read_error
0x0002       [2]    FARG_TP_Init_display_width
0x0002       [1]    FARG_TWI_Read_ack
0x0002       [1]    FARG_T6963C_Init_width
0x0002       [2]    FARG_T6963C_PartialImage_x_left
0x0002       [2]    FARG_SPI_Ethernet_doTCP_start
0x0002       [1]    R2
0x0002       [2]    FARG_Mmc_Fat_Set_File_Date_year
0x0002       [4]    FARG_tan_x
0x0002       [1]    FARG_Spi_Lcd_Chr_Row
0x0002       [2]    FARG_T6963C_Circle_Fill_x_center
0x0002       [4]    FARG_Cf_Read_Sector_sector_number
0x0002       [1]    FARG_lcd_word_r
0x0002       [2]    FARG_T6963C_Box_x0
0x0002       [1]    FARG_T6963C_DisplayGrPanel_n
0x0002       [1]    FARG_Delay_Cyc_cycles_div_by_10
0x0002       [2]    FARG_SPI_Glcd_PartialImage_x_left
0x0002       [2]    FARG_VDelay_ms_Time_ms
0x0002       [2]    FARG_Glcd_Write_Text_text
0x0002       [1]    FARG_Spi_Lcd_Cmd_out_char
0x0002       [2]    FARG_T6963C_Rectangle_x0
0x0002       [4]    FARG_pow_x
0x0002       [2]    FARG_SPI_Ethernet_24j600_Disable_disFlt
0x0002       [2]    FARG_TFT_PartialImage1bpp_left
0x0002       [2]    FARG_Mmc_Fat_Get_File_Date_Modified_year
0x0002       [1]    FARG_Glcd_Dot_x_pos
0x0002       [2]    FARG_Mmc_Fat_Get_File_Date_year
0x0002       [4]    FARG_sinh_x
0x0002       [2]    FARG_T6963C_SetPtr_p
0x0002       [2]    FARG_SPI_Ethernet_24j600_confNetwork_ipMask
0x0002       [1]    FARG_Soft_UART_Write_udata
0x0002       [1]    FARG_SPI_Ethernet_setBitReg_addr
0x0002       [2]    FARG_Spi_Glcd_Line_x_start
0x0002       [2]    FARG_SPI_Ethernet_setRxReadAddress_addr
0x0002       [2]    FARG_Man_Receive_error
0x0002       [2]    FARG_T6963C_Line_x0
0x0002       [1]    FARG_SPI_Ethernet_clearBitReg_addr
0x0002       [1]    FARG_SPI_Ethernet_readReg_addr
0x0002       [2]    FARG_Mmc_Read_Csd_data_for_registers
0x0002       [2]    FARG_TP_TFT_Init_display_width
0x0002       [2]    FARG_Ow_Read_port
0x0002       [1]    FARG_SPI_Glcd_Dot_x_pos
0x0002       [1]    FARG_Glcd_Rectangle_Round_Edges_x_upper_left
0x0002       [2]    FARG_Mmc_Read_Cid_data_cid
0x0002       [2]    FARG_Soft_I2C_Read_ack
0x0002       [2]    FARG_serial_send_in_0
0x0002       [1]    FARG_SPI_Ethernet_writeAddr_addr
0x0002       [1]    FARG_Motor0_a
0x0002       [1]    FARG_Cf_Set_Reg_Adr_adr
0x0002       [2]    FARG_SPI_Ethernet_putBytes_ptr
0x0002       [1]    FARG_SPI_Glcd_H_Line_x_start
0x0002       [1]    FARG_SPI_Ethernet_putByte_v
0x0002       [2]    FARG_SPI_Ethernet_putConstBytes_ptr
0x0002       [1]    FARG_SPI_Glcd_V_Line_y_start
0x0002       [1]    FARG_lcd_comm_t
0x0002       [2]    FARG_JPEG_InverseDCT_inbuf
0x0002       [2]    FARG_stai_us_timp
0x0002       [1]    FARG_RegsToCANSPIID_ptr
0x0002       [1]    FARG_Motor1_b
0x0002       [1]    FARG_SPI_Ethernet_writeReg_addr
0x0002       [1]    FARG_T6963C_Sprite_px
0x0002       [2]    FARG_SPI_Ethernet_getBytes_ptr
0x0002       [2]    FARG_Sound_Play_freq_in_hz
0x0002       [1]    FARG_Glcd_Rectangle_x_upper_left
0x0002       [1]    FARG_SPI_Ethernet_24j600_initDHCP_tmax
0x0002       [1]    FARG_Man_Send_tr_data
0x0002       [4]    FARG_SPI_Glcd_Set_Font_activeFont
0x0002       [1]    FARG_SPI_Glcd_Set_X_x_pos
0x0002       [1]    FARG_SPI_Glcd_Write_Char_chr1
0x0002       [2]    FARG_Glcd_PartialImage_x_left
0x0002       [1]    FARG_Glcd_Rectangle_Round_Edges_Fill_x_upper_left
0x0002       [2]    FARG_TFT_Image_Jpeg_left
0x0002       [1]    FARG_SPI_Glcd_Write_Data_data_
0x0002       [1]    FARG_SPI_Glcd_Fill_pattern
0x0002       [1]    FARG_Mmc_UnIdle_ctype
0x0002       [2]    FARG_T6963C_Dot_x
0x0002       [1]    FARG_SPI_Glcd_Init_DeviceAddress
0x0002       [2]    FARG_SPI_Ethernet_24j600_sendUDP_destIP
0x0002       [2]    FARG_Ow_Reset_port
0x0002       [2]    FARG_SPI_Ethernet_24j600_dnsResolve_host
0x0002       [1]    FARG_SPI_Glcd_Set_Side_x_pos
0x0002       [4]    FARG_CANSPIWrite_id
0x0002       [4]    FARG_Mmc_Write_Sector_sector
0x0002       [1]    FARG_TP_TFT_Get_ADC_chnl
0x0002       [2]    FARG_SPI_Glcd_Write_Text_text
0x0002       [2]    FARG_TP_TFT_Set_ADC_Threshold_threshold
0x0002       [1]    FARG_T6963C_Set_Cursor_x
0x0002       [1]    FARG_Mmc_Send_Command_partial_cmm
0x0002       [2]    FARG_JPEG_DrawBlock_left
0x0002       [2]    FARG_T6963C_Write_Text_str
0x0002       [1]    FARG_Manchester_Out_BitValue
0x0002       [4]    FARG_Mmc_Read_Sector_sector
0x0002       [1]    FARG_Glcd_Box_x_upper_left
0x0002       [2]    FARG_SPI_Ethernet_24j600_arpResolve_ip
0x0002       [1]    FARG_T6963C_Write_Char_c
0x0002       [1]    FARG_SPI_Ethernet_24j600_renewDHCP_tmax
0x0002       [1]    FARG_SPI_Glcd_Set_Page_page
0x0002       [1]    FARG_SPI_Glcd_Rectangle_Round_Edges_x_upper_left
0x0002       [2]    FARG_JPEG_FileRead_buffer
0x0002       [4]    FARG_Cf_Write_Init_address
0x0002       [2]    FARG_Button_port
0x0002       [2]    FARG_JPEG_FileReadBytes_buffer
0x0002       [2]    FARG_T6963C_Rectangle_Round_Edges_Fill_x_upper_left
0x0002       [2]    FARG_SPI_Ethernet_TXpacket_l
0x0002       [1]    FARG_SPI_Ethernet_24j600_DHCPmsg_messageType
0x0002       [2]    FARG_Glcd_Circle_Fill_x_center
0x0002       [2]    FARG_SPI_Ethernet_checksum_start
0x0002       [1]    FARG_T6963C_TxtFill_v
0x0002       [1]    FARG_lcd_move_r
0x0002       [1]    FARG_SPI_Glcd_Rectangle_x_upper_left
0x0002       [2]    FARG_SPI_Ethernet_RAMcopy_start
0x0002       [2]    FARG_SPI_Ethernet_24j600_doUDP_start
0x0002       [2]    FARG_Cf_Write_Word_data_
0x0002       [1]    FARG_SPI_Ethernet_writePHY_reg
0x0002       [1]    FARG_T6963C_PanelFill_v
0x0002       [2]    FARG_SPI_Ethernet_setUserHandlers_TCPHandler
0x0002       [1]    FARG_Soft_SPI_Write_sdata
0x0002       [2]    FARG_SPI_Ethernet_Init_mac
0x0002       [1]    FARG_SPI_Ethernet_Enable_enFlt
0x0002       [2]    FARG_T6963C_Circle_x
0x0002       [2]    FARG_UART_Set_Active_read_ptr
0x0002       [2]    FARG_cosE3_angle_deg
0x0002       [2]    FARG_TFT_Partial_Image_left
0x0002       [1]    FARG_CANSPISetBaudRate_SJW
0x0002       [1]    FARG_Reset_Fat_Chain_first_cluster
0x0002       [1]    FARG_SPI_Ethernet_readPHY_reg
0x0002       [2]    FARG_Glcd_Circle_x_center
0x0002       [2]    FARG_mkSubnetBroadcast_subbrdcst
0x0002       [1]    FARG_SPI_Ethernet_Init2_fullDuplex
0x0002       [1]    FARG_T6963C_GrFill_v
0x0002       [2]    FARG_TP_TFT_Get_Coordinates_x_coordinate
0x0002       [2]    FARG_SPI_Glcd_Circle_x_center
0x0002       [2]    FARG_SPI_Ethernet_putConstString_ptr
0x0002       [1]    FARG_JPEG_GetNBitsValue_N
0x0002       [1]    FARG_T6963C_Cursor_Blink_n
0x0002       [1]    FARG_Soft_I2C_Write_data_
0x0002       [2]    FARG_SPI_Ethernet_24j600_doTCP_start
0x0002       [2]    FARG_SPI_Ethernet_writeMem_addr
0x0002       [1]    FARG_CANSPISetFilter_CANSPI_FILTER
0x0002       [2]    FARG_Ow_Write_port
0x0002       [2]    FARG_JPEG_ToCharRange_x
0x0002       [2]    FARG_JPEG_ToSignedCharRange_x
0x0002       [2]    FARG_Glcd_Image_image
0x0002       [2]    FARG_T6963C_Image_pic
0x0002       [2]    FARG_SPI_Ethernet_putString_ptr
0x0002       [4]    FARG_JPEG_UnscaleValue_x
0x0002       [2]    FARG_SPI_Ethernet_writeMemory_addr
0x0002       [2]    FARG_SPI_Ethernet_memcpy_addr
0x0002       [1]    FARG_T6963C_Graphics_n
0x0002       [2]    FARG_SPI_Ethernet_readMem_addr
0x0002       [1]    FARG_Cf_Write_Byte_data_
0x0002       [2]    FARG_SPI_Ethernet_memcmp_addr
0x0002       [2]    FARG_SPI_Glcd_Image_image
0x0002       [1]    FARG_T6963C_Cursor_height_n
0x0002       [1]    FARG_lcd_cmd_b
0x0002       [2]    FARG_Sound_Init_port
0x0002       [1]    FARG_T6963C_Text_n
0x0002       [1]    FARG_T6963C_Cursor_n
0x0002       [1]    FARG_lcd_data_b
0x0002       [1]    FARG_JPEG_GetNBits_N
0x0002       [1]    FARG_CANSPISetMask_CANSPI_MASK
0x0002       [2]    FARG_SPI_Glcd_Circle_Fill_x_center
0x0002       [2]    FARG_SPI_Ethernet_writeMemory2_v
0x0002       [1]    FARG_S1D13700_Write_Parameter_parameter
0x0002       [1]    FARG_SPI_T6963C_cursor_blink_n
0x0002       [1]    FARG_PWM2_Set_Duty_duty
0x0002       [2]    FARG_TFT_Set_Pen_pen_color
0x0002       [1]    FARG_Expander_Set_PullUpsPortA_ModuleAddress
0x0002       [2]    FARG_SPI_T6963C_image_pic
0x0002       [2]    FARG_S1D13700_Circle_Fill_x_center
0x0002       [2]    FARG_TFT_Set_Active_Set_Index_Ptr
0x0002       [2]    FARG_strrchr_s
0x0002       [4]    FARG_TFT_Set_Font_activeFont
0x0002       [1]    FARG_S1D13700_Write_Command_command
0x0002       [2]    FARG_strpbrk_s1
0x0002       [1]    FARG_SPI_T6963C_cursor_n
0x0002       [1]    FARG_TFT_RGBToColor16bit_rgb_red
0x0002       [2]    FARG_Cf_Fat_Set_File_Date_year
0x0002       [1]    FARG_Expander_Set_DirectionPortAB_ModuleAddress
0x0002       [2]    FARG_Cf_Fat_Write_fdata
0x0002       [2]    FARG_SPI_Ethernet_24j600_checksum_start
0x0002       [1]    FARG_TFT_Set_Brush_brush_enabled
0x0002       [2]    FARG_Length_Text
0x0002       [1]    FARG_S1D13700_Display_TxtLayer_mode
0x0002       [2]    FARG_Cf_Fat_Reset_size
0x0002       [1]    FARG_S1D13700_Display_GrLayer_mode
0x0002       [1]    FARG_S1D13700_Set_Cursor_width
0x0002       [1]    FARG_Expander_Set_PullUpsPortAB_ModuleAddress
0x0002       [2]    FARG_WordToHex_input
0x0002       [1]    FARG_ByteToHex_input
0x0002       [1]    FARG_ShortToHex_input
0x0002       [2]    FARG_strAppendSuf_s1
0x0002       [1]    FARG_Expander_Set_PullUpsPortB_ModuleAddress
0x0002       [2]    FARG_Cf_Fat_Read_bdata_
0x0002       [1]    FARG_S1D13700_Fill_d
0x0002       [2]    FARG_strstr_s1
0x0002       [1]    FARG_PWM2_Init_wave_mode
0x0002       [1]    FARG_SPI_T6963C_sprite_px
0x0002       [1]    FARG_S1D13700_TxtFill_d
0x0002       [1]    FARG_S1D13700_GrFill_d
0x0002       [1]    FARG_strAppendPre_letter
0x0002       [2]    FARG_TFT_Write_Data__data
0x0002       [1]    FARG_Expander_Write_PortAB_ModuleAddress
0x0002       [4]    FARG_Cf_Fat_Get_Swap_File_sectors_cnt
0x0002       [2]    FARG_TFT_Init_display_width
0x0002       [2]    FARG_TFT_Set_Address_x
0x0002       [1]    FARG_TFT_Set_Reg_index
0x0002       [1]    FARG_SPI_T6963C_panelFill_v
0x0002       [2]    FARG_S1D13700_Image_image
0x0002       [2]    FARG_rtrim_astring
0x0002       [2]    FARG_ltrim_astring
0x0002       [2]    FARG_strspn_s1
0x0002       [1]    FARG_SPI_T6963C_setTxtPanel_n
0x0002       [1]    FARG_Expander_Write_PortA_ModuleAddress
0x0002       [2]    FARG_TFT_V_Line_y_start
0x0002       [4]    FARG_floor_x
0x0002       [1]    FARG_SPI_T6963C_fill_v
0x0002       [2]    FARG_TFT_Dot_x
0x0002       [1]    FARG_Expander_Write_PortB_ModuleAddress
0x0002       [2]    FARG_TFT_H_Line_x_start
0x0002       [2]    FARG_Cf_Fat_Get_File_Date_Modified_year
0x0002       [2]    FARG_GetCurrentColor_start_color
0x0002       [1]    FARG_Expander_Set_DirectionPortA_ModuleAddress
0x0002       [1]    FARG_SPI_T6963C_graphics_n
0x0002       [1]    FARG_SPI_T6963C_text_n
0x0002       [2]    FARG_TFT_Color16bitToRGB_color
0x0002       [2]    FARG_FLASH_Erase_Page_address
0x0002       [2]    FARG_Cf_Fat_Get_File_Date_year
0x0002       [1]    FARG_Expander_Set_DirectionPortB_ModuleAddress
0x0002       [2]    FARG_strncmp_s1
0x0002       [1]    FARG_TFT_Set_Index_index
0x0002       [1]    FARG_SPI_T6963C_grFill_v
0x0002       [1]    FARG_TFT_Write_Command_cmd
0x0002       [4]    FARG_fabs_dd
0x0002       [2]    FARG_TFT_Move_Cursor__x
0x0002       [1]    FARG_FLASH_DoWrite_opCode
0x0002       [1]    FARG_SPI_T6963C_cursor_height_n
0x0002       [2]    FARG_strcspn_s1
0x0002       [1]    FARG_SPI_T6963C_txtFill_v
0x0002       [2]    FARG_IntToHex_input
0x0002       [2]    FARG_SPI_T6963C_Rectangle_Round_Edges_x_upper_left
0x0002       [2]    FARG_SPI_Ethernet_24j600_putBytes_ptr
0x0002       [2]    FARG_SPI_T6963C_circle_x
0x0002       [2]    FARG_SPI_Ethernet_24j600_putConstBytes_ptr
0x0002       [2]    FARG_S1D13700_Rectangle_x0
0x0002       [2]    FARG_SPI_Ethernet_24j600_getBytes_ptr
0x0002       [1]    FARG_Dec2Bcd_decnum
0x0002       [1]    FARG_SPI_Ethernet_24j600_putByte_v
0x0002       [2]    FARG_SPI_T6963C_Circle_Fill_x_center
0x0002       [4]    FARG_Time_epochToDate_e
0x0002       [1]    FARG_Bcd2Dec_bcd_num
0x0002       [2]    FARG_StrToWord_input
0x0002       [2]    FARG_SPI_T6963C_Rectangle_Round_Edges_Fill_x_upper_left
0x0002       [2]    FARG_SPI_Ethernet_24j600_putString_ptr
0x0002       [1]    FARG_PWM1_Init_wave_mode
0x0002       [1]    FARG_Reset_Fat_Chain_first_cluster
0x0002       [2]    FARG_StrToInt_input
0x0002       [2]    FARG_FLASH_Read_Word_address
0x0002       [2]    FARG_S1D13700_V_Line_y_start
0x0002       [1]    FARG_SPI_Ethernet_24j600_readReg_addr
0x0002       [1]    FARG_SPI_Ethernet_24j600_setBitReg_addr
0x0002       [1]    FARG_SPI_Ethernet_24j600_clearBitReg_addr
0x0002       [2]    FARG_SPI_T6963C_Config_width
0x0002       [2]    FARG_SPI_Ethernet_24j600_setRxReadAddress_addr
0x0002       [2]    FARG_S1D13700_Box_x0
0x0002       [1]    FARG_SPI_Ethernet_24j600_readAddr_addr
0x0002       [2]    FARG_SPI_T6963C_PartialImage_x_left
0x0002       [1]    FARG_SPI_Ethernet_24j600_writeAddr_addr
0x0002       [2]    FARG_FLASH_Read_Words_address
0x0002       [2]    FARG_S1D13700_Rectangle_Round_Edges_x_upper_left
0x0002       [2]    FARG_S1D13700_Rectangle_Round_Edges_Fill_x_upper_left
0x0002       [2]    FARG_SPI_T6963C_box_x0
0x0002       [2]    FARG_Bcd2Dec16_bcd_num
0x0002       [2]    FARG_Dec2Bcd16_dec_num
0x0002       [4]    FARG_FloatToStr_input
0x0002       [1]    FARG_SPI_Ethernet_24j600_writeReg_addr
0x0002       [2]    FARG_Time_dateToEpoch_ts
0x0002       [2]    FARG_SPI_T6963C_rectangle_x0
0x0002       [1]    FARG_SPI_T6963C_write_char_c
0x0002       [2]    FARG_WordToStrWithZeros_input
0x0002       [2]    FARG_WordToStr_input
0x0002       [2]    FARG_S1D13700_Dot_x
0x0002       [2]    FARG_Cf_Fat_Assign_filename
0x0002       [2]    FARG_SPI_Ethernet_24j600_readMem_addr
0x0002       [2]    FARG_IntToStr_input
0x0002       [1]    FARG_ShortToStr_input
0x0002       [2]    FARG_SPI_Ethernet_24j600_memcpy_addr
0x0002       [1]    FARG_SPI_T6963C_set_cursor_x
0x0002       [4]    FARG_LongWordToHex_input
0x0002       [2]    FARG_SPI_Ethernet_24j600_memcmp_addr
0x0002       [2]    FARG_FLASH_Write_Page_address
0x0002       [1]    FARG_S1D13700_Display_Cursor_mode
0x0002       [1]    FARG_S1D13700_Set_Overlay_ovl
0x0002       [2]    FARG_S1D13700_Init_width
0x0002       [1]    FARG_ByteToStr_input
0x0002       [4]    FARG_LongIntToHex_input
0x0002       [2]    FARG_FLASH_Read_Byte_address
0x0002       [2]    FARG_S1D13700_Circle_x_center
0x0002       [4]    FARG_LongIntToStr_input
0x0002       [4]    FARG_LongWordToStrWithZeros_input
0x0002       [2]    FARG_SPI_Ethernet_24j600_writeMem_addr
0x0002       [2]    FARG_FLASH_Read_Bytes_address
0x0002       [2]    FARG_S1D13700_H_Line_x_start
0x0002       [2]    FARG_SPI_Ethernet_24j600_putConstString_ptr
0x0002       [2]    FARG_SPI_T6963C_line_x0
0x0002       [4]    FARG_LongIntToStrWithZeros_input
0x0002       [1]    FARG_PWM1_Set_Duty_duty
0x0002       [2]    FARG_IntToStrWithZeros_input
0x0002       [2]    FARG_Time_dateDiff_t1
0x0002       [2]    FARG_SPI_T6963C_write_text_str
0x0002       [2]    FARG_SPI_Ethernet_24j600_writeMemory2_v
0x0002       [2]    FARG_S1D13700_Line_x0
0x0002       [2]    FARG_CF_Fat_Create_filename
0x0002       [2]    FARG_SPI_T6963C_dot_x
0x0002       [2]    FARG_SPI_Ethernet_24j600_writeMemory_addr
0x0002       [4]    FARG_LongWordToStr_input
0x0002       [1]    FARG_SPI_T6963C_negBit_b
0x0002       [1]    FARG_SPI_T6963C_setBit_b
0x0002       [2]    FARG__TFT_Write_Char_Return_Pos_ch
0x0002       [4]    FARG_asin_x
0x0002       [2]    FARG_memchr_p
0x0002       [1]    FARG_Spi_Lcd8_Cmd_out_char
0x0002       [2]    FARG_strcpy_s1
0x0002       [1]    FARG_Glcd_Fill_pattern
0x0002       [1]    FARG_SPI_T6963C_clearBit_b
0x0002       [2]    FARG_TFT_Circle_x_center
0x0002       [1]    FARG_Glcd_Write_Data_ddata
0x0002       [2]    FARG_strcmp_s1
0x0002       [1]    FARG_Spi_Lcd8_Chr_row
0x0002       [2]    FARG_memcmp_p1
0x0002       [1]    FARG_Expander_Read_Byte_ModuleAddress
0x0002       [1]    FARG_SPI1_Write_data_out
0x0002       [1]    FARG_SPI1_Read_data_out
0x0002       [2]    FARG_Rs485slave_Send_data_buffer
0x0002       [1]    FARG_SPI_Ethernet_renewDHCP_tmax
0x0002       [2]    FARG__TFT_Circle_Fill_x_center
0x0002       [2]    FARG_strlen_s
0x0002       [2]    FARG_TFT_Write_Text_Return_Pos_text
0x0002       [4]    FARG_frexp_value
0x0002       [1]    FARG_Expander_Write_Byte_ModuleAddress
0x0002       [1]    FARG_CANSPIIDToRegs_ptr
0x0002       [2]    FARG_Glcd_Set_Font_ActiveFont
0x0002       [2]    FARG_TFT_Write_Char_ch
0x0002       [1]    FARG_toupper_character
0x0002       [1]    FARG_SPI_T6963C_writeData_Ddata
0x0002       [2]    FARG_PWM16bit_Change_Duty_duty
0x0002       [2]    FARG_TFT_Write_Text_text
0x0002       [1]    FARG_Spi_Lcd8_Out_row
0x0002       [2]    FARG_Rs485master_Receive_data_buffer
0x0002       [1]    FARG_ADC_Read_channel
0x0002       [4]    FARG_sqrt_x
0x0002       [2]    FARG_memmove_p1
0x0002       [1]    FARG_Expander_Init_ModuleAddress
0x0002       [1]    FARG_Glcd_Set_Side_x_pos
0x0002       [2]    FARG_strcat2_l1
0x0002       [4]    FARG_atan_arg
0x0002       [2]    FARG_strcat_s1
0x0002       [2]    FARG_Spi_Lcd8_Out_CP_text
0x0002       [1]    FARG_Glcd_Set_Page_page
0x0002       [2]    FARG_TFT_Rectangle_Round_Edges_x_upper_left
0x0002       [2]    FARG_memset_p
0x0002       [1]    FARG_ADC_Get_Sample_channel
0x0002       [1]    FARG_Spi_Lcd8_Config_DeviceAddress
0x0002       [1]    FARG_Spi_Lcd8_Chr_CP_out_char
0x0002       [2]    FARG_memcpy_p1
0x0002       [2]    FARG_SPI_Ethernet_24j600_TXpacket_l
0x0002       [2]    FARG_Expander_Init_Advanced_rstPort
0x0002       [4]    FARG_ldexp_value
0x0002       [1]    FARG_SPI_Ethernet_24j600_readPHY_reg
0x0002       [2]    FARG_Rs485master_Send_data_buffer
0x0002       [2]    FARG_EEPROM_Write_address
0x0002       [4]    FARG_eval_poly_x
0x0002       [1]    FARG_SPI_Ethernet_24j600_writePHY_reg
0x0002       [2]    FARG_TFT_Rectangle_x_upper_left
0x0002       [1]    FARG_SPI1_Init_Advanced_mode
0x0002       [2]    FARG__TFT_Write_Char_ch
0x0002       [1]    FARG_Glcd_Set_X_x_pos
0x0002       [2]    FARG_strchr_s
0x0002       [2]    FARG_strncpy_s1
0x0002       [2]    FARG_mkSubnetBroadcast_subbrdcst
0x0002       [4]    FARG_Cf_Write_Sector_sector_number
0x0002       [4]    FARG_sin_arg
0x0002       [4]    FARG_ceil_x
0x0002       [2]    FARG_SPI_Ethernet_24j600_RAMcopy_start
0x0002       [1]    FARG_isspace_character
0x0002       [2]    FARG_SPI_T6963C_setPtr_p
0x0002       [4]    FARG_atan2_y
0x0002       [2]    FARG_strncat2_p1
0x0002       [1]    FARG_SPI_Ethernet_24j600_Init2_configuration
0x0002       [1]    FARG_Expander_Read_PortB_ModuleAddress
0x0002       [1]    FARG_ispunct_character
0x0002       [1]    FARG_isalnum_character
0x0002       [1]    FARG_SPI_T6963C_displayTxtPanel_n
0x0002       [2]    FARG_Soft_UART_Init_port
0x0002       [1]    FARG_isdigit_character
0x0002       [2]    FARG_S1D13700_Write_Text_str
0x0002       [1]    FARG_SPI_T6963C_setGrPanel_n
0x0002       [2]    FARG_S1D13700_PartialImage_x_left
0x0002       [2]    FARG_SPI_Ethernet_dnsResolve_host
0x0002       [1]    FARG_Expander_Read_PortAB_ModuleAddress
0x0002       [2]    FARG_TFT_Image4bpp_left
0x0002       [2]    FARG_SPI_Ethernet_24j600_Init_mac
0x0002       [1]    FARG_PWM16bit_Init_wave_mode
0x0002       [2]    FARG_TFT_Line_x1
0x0002       [1]    FARG_SPI_T6963C_displayGrPanel_n
0x0002       [1]    FARG_isgraph_character
0x0002       [2]    FARG_strncat_s1
0x0002       [1]    FARG_Rs485slave_Init_slave_address
0x0002       [2]    FARG_Rs485slave_Receive_data_buffer
0x0002       [2]    FARG_TFT_Fill_Screen_color
0x0002       [1]    FARG_tolower_character
0x0002       [2]    FARG_EEPROM_Read_address
0x0002       [1]    FARG_S1D13700_Write_Char_c
0x0002       [1]    FARG_Glcd_Write_Char_character
0x0002       [1]    FARG_PWM16bit_Stop_timer
0x0002       [1]    FARG_isxdigit_character
0x0002       [2]    FARG_TFT_Image1bpp_left
0x0002       [1]    FARG_SPI_T6963C_writeCommand_Ddata
0x0002       [4]    FARG_acos_x
0x0002       [2]    FARG_SPI_Set_Active_read_ptr
0x0002       [1]    FARG_PWM16bit_Start_timer
0x0002       [2]    FARG_Cf_Fat_QuickFormat_cf_fat_label
0x0002       [1]    FARG_SPI_Ethernet_initDHCP_tmax
0x0002       [1]    FARG_Expander_Read_PortA_ModuleAddress
0x0003       [1]    FARG_lcd_move_c
0x0003       [1]    FARG_Glcd_Box_y_upper_left
0x0003       [2]    FARG_ByteToStr_output
0x0003       [2]    FARG_Expander_Set_PullUpsPortAB_PullUps
0x0003       [1]    FARG_SPI_Ethernet_24j600_setBitReg_mask
0x0003       [1]    FARG_SPI_Glcd_Write_Char_x_pos
0x0003       [1]    FARG_Glcd_Dot_y_pos
0x0003       [1]    FARG_Spi_Lcd_Out_column
0x0003       [2]    FARG_SPI_Ethernet_24j600_writeAddr_v
0x0003       [1]    FARG_Glcd_Rectangle_Round_Edges_Fill_y_upper_left
0x0003       [1]    FARG_lcd_text_c
0x0003       [1]    FARG_Spi_Lcd8_Out_column
0x0003       [1]    FARG_PWM1_Init_prescaler
0x0003       [1]    FARG_lcd_byte_c
0x0003       [4]    FARG_Mmc_Send_Command_content
0x0003       [2]    FARG_S1D13700_Write_Char_x
0x0003       [1]    FARG_CANSPIInitialize_BRP
0x0003       [2]    FARG_SPI_Ethernet_24j600_readPHY_h
0x0003       [1]    FARG_Spi_Lcd8_Chr_column
0x0003       [1]    R3
0x0003       [1]    FARG_Spi_Lcd_Chr_Column
0x0003       [1]    FARG_lcd_word_c
0x0003       [1]    FARG_lcd_comm_b
0x0003       [1]    FARG_SPI_Ethernet_24j600_clearBitReg_mask
0x0003       [1]    FARG_Glcd_Write_Char_x_pos
0x0003       [1]    FARG_SPI_T6963C_set_cursor_y
0x0003       [1]    FARG_T6963C_Init_height
0x0003       [2]    FARG_ShortToStr_output
0x0003       [1]    FARG_SPI_Ethernet_24j600_writeReg_v
0x0003       [1]    FARG_SPI1_Init_Advanced_fcy_div
0x0003       [1]    FARG_SPI_T6963C_write_char_x
0x0003       [2]    FARG_TFT_Set_Brush_brush_color
0x0003       [1]    FARG_Expander_Set_DirectionPortB_Data_
0x0003       [1]    FARG_SPI_Glcd_Rectangle_Round_Edges_Fill_y_upper_left
0x0003       [1]    FARG_Expander_Read_Byte_RegAddress
0x0003       [1]    FARG_TFT_RGBToColor16bit_rgb_green
0x0003       [1]    FARG_Expander_Write_Byte_RegAddress
0x0003       [1]    FARG_SPI_Glcd_V_Line_y_end
0x0003       [1]    FARG_SPI_Ethernet_DHCPmsg_renewFlag
0x0003       [4]    FARG_CANSPISetFilter_val
0x0003       [1]    FARG_SPI_Ethernet_writeReg_v
0x0003       [1]    FARG_Glcd_Rectangle_y_upper_left
0x0003       [1]    FARG_SPI_Ethernet_clearBitReg_mask
0x0003       [1]    FARG_Expander_Set_PullUpsPortA_Data_
0x0003       [2]    FARG_Expander_Set_DirectionPortAB_Direction
0x0003       [1]    FARG_SPI_Glcd_H_Line_x_end
0x0003       [1]    FARG_T6963C_Sprite_py
0x0003       [4]    FARG_CANSPIIDToRegs_val
0x0003       [4]    FARG_CANSPISetMask_val
0x0003       [1]    FARG_Expander_Write_PortB_Data_
0x0003       [1]    FARG_SPI_Glcd_Rectangle_Round_Edges_y_upper_left
0x0003       [2]    FARG_SPI_T6963C_fill_start
0x0003       [1]    FARG_SPI_Ethernet_24j600_DHCPmsg_renewFlag
0x0003       [1]    FARG_SPI_Ethernet_writePHY_h
0x0003       [2]    FARG_SPI_Ethernet_readPHY_h
0x0003       [1]    FARG_Expander_Write_PortA_Data_
0x0003       [1]    FARG_CANSPISetBaudRate_BRP
0x0003       [1]    FARG_SPI_Glcd_Rectangle_y_upper_left
0x0003       [1]    FARG_Glcd_H_Line_x_end
0x0003       [2]    FARG_T6963C_Fill_start
0x0003       [1]    FARG_SPI_Glcd_Box_y_upper_left
0x0003       [1]    FARG_Expander_Set_DirectionPortA_Data_
0x0003       [1]    FARG_TFT_Set_Reg_value
0x0003       [1]    FARG_PWM16bit_Init_prescaler
0x0003       [2]    FARG_Expander_Write_PortAB_Data_
0x0003       [1]    FARG_Glcd_V_Line_y_end
0x0003       [1]    FARG_SPI_Ethernet_24j600_writePHY_h
0x0003       [1]    FARG_SPI_T6963C_sprite_py
0x0003       [1]    FARG_SPI_Glcd_Dot_y_pos
0x0003       [1]    FARG_PWM2_Init_prescaler
0x0003       [2]    FARG_SPI_Ethernet_writeAddr_v
0x0003       [2]    FARG_strAppendPre_s1
0x0003       [1]    FARG_Glcd_Rectangle_Round_Edges_y_upper_left
0x0003       [1]    FARG_S1D13700_Set_Cursor_height
0x0003       [2]    FARG_ShortToHex_output
0x0003       [1]    FARG_T6963C_Write_Char_x
0x0003       [1]    FARG_T6963C_Set_Cursor_y
0x0003       [1]    FARG_CANSPISetOperationMode_WAIT
0x0003       [2]    FARG_ByteToHex_output
0x0003       [1]    FARG_RegsToCANSPIID_CANSPI_CONFIG_FLAGS
0x0003       [1]    FARG_Expander_Set_PullUpsPortB_Data_
0x0003       [2]    FARG_S1D13700_Fill_start
0x0003       [1]    FARG_SPI_Ethernet_setBitReg_mask
0x0004       [1]    FARG_Expander_Init_Advanced_rstPin
0x0004       [2]    FARG_SPI_Ethernet_24j600_checksum_l
0x0004       [2]    FARG_SPI_Ethernet_24j600_RAMcopy_stop
0x0004       [1]    FARG_SPI_Ethernet_24j600_doUDP_ipHeaderLen
0x0004       [1]    FARG_SPI_Ethernet_24j600_writePHY_l
0x0004       [2]    FARG_Glcd_Circle_y_center
0x0004       [2]    FARG_SPI_Ethernet_checksum_l
0x0004       [2]    FARG_SPI_Ethernet_setUserHandlers_UDPHandler
0x0004       [2]    FARG_SPI_Ethernet_sendUDP_sourcePort
0x0004       [2]    FARG_SPI_Ethernet_confNetwork_gwIpAddr
0x0004       [1]    R4
0x0004       [1]    FARG_Glcd_V_Line_x_pos
0x0004       [2]    FARG_lcd_word_w
0x0004       [2]    FARG_SPI_Ethernet_memcmp_s
0x0004       [2]    FARG_Glcd_Circle_Fill_y_center
0x0004       [1]    FARG_Glcd_Rectangle_x_bottom_right
0x0004       [1]    FARG_Glcd_Write_Char_page_num
0x0004       [2]    FARG_TP_Set_Calibration_Consts_x_max
0x0004       [1]    FARG_Glcd_Dot_color
0x0004       [1]    FARG_SPI_Ethernet_dnsResolve_tmax
0x0004       [1]    FARG_CANSPISetBaudRate_PHSEG1
0x0004       [2]    FARG_TP_Get_Calibration_Consts_x_max
0x0004       [1]    FARG_SPI_Ethernet_writePHY_l
0x0004       [1]    FARG_SPI_Ethernet_arpResolve_tmax
0x0004       [2]    FARG_SPI_Ethernet_doTCP_ipHeaderLen
0x0004       [2]    FARG_Glcd_PartialImage_y_top
0x0004       [2]    FARG_CANSPIRead_Rd_Data
0x0004       [1]    FARG_Glcd_Box_x_bottom_right
0x0004       [2]    FARG_SPI_Ethernet_RAMcopy_stop
0x0004       [1]    FARG_SPI_Ethernet_24j600_arpResolve_tmax
0x0004       [2]    FARG_SPI_Ethernet_24j600_confNetwork_gwIpAddr
0x0004       [2]    FARG_SPI_Ethernet_Init_ip
0x0004       [2]    FARG_SPI_Ethernet_24j600_Init_ip
0x0004       [2]    FARG_SPI_Ethernet_24j600_setUserHandlers_UDPHandler
0x0004       [2]    FARG_SPI_Ethernet_24j600_getBytes_addr
0x0004       [1]    FARG_CF_Fat_Create_file_attr
0x0004       [1]    FARG_SPI_Ethernet_doUDP_ipHeaderLen
0x0004       [2]    FARG_SPI_Ethernet_24j600_sendUDP_sourcePort
0x0004       [2]    FARG_SPI_Ethernet_putConstBytes_n
0x0004       [1]    FARG_CANSPIInitialize_PHSEG1
0x0004       [2]    FARG_SPI_Ethernet_24j600_sendUDP2_destIP
0x0004       [1]    FARG_Glcd_Set_Font_FontWidth
0x0004       [1]    FARG_Cf_Fat_Set_File_Date_month
0x0004       [2]    FARG_SPI_Ethernet_24j600_memcpy_s
0x0004       [1]    FARG_SPI_Ethernet_24j600_dnsResolve_tmax
0x0004       [2]    FARG_Cf_Fat_Write_data_len
0x0004       [2]    FARG_SPI_Ethernet_getBytes_addr
0x0004       [2]    FARG_serial_send_in_1
0x0004       [2]    FARG_SPI_Ethernet_putBytes_n
0x0004       [1]    FARG_Glcd_Write_Text_x_pos
0x0004       [1]    FARG_SPI_Ethernet_24j600_writeMem_v1
0x0004       [1]    FARG_Cf_Fat_Assign_file_cre_attr
0x0004       [2]    FARG_SPI_Ethernet_24j600_doTCP_ipHeaderLen
0x0004       [2]    FARG_SPI_Ethernet_24j600_putBytes_n
0x0004       [1]    FARG_Glcd_Rectangle_Round_Edges_x_bottom_right
0x0004       [2]    FARG_Glcd_Line_y_start
0x0004       [1]    FARG_Glcd_H_Line_y_pos
0x0004       [2]    FARG_SPI_Ethernet_24j600_memcmp_s
0x0004       [2]    FARG_SPI_Ethernet_memcpy_s
0x0004       [1]    FARG_SPI_Ethernet_24j600_writeMemory_v1
0x0004       [1]    FARG_lcd_byte_b
0x0004       [2]    FARG_Cf_Fat_Get_File_Date_Modified_month
0x0004       [1]    FARG_SPI_Ethernet_writeMem_v1
0x0004       [2]    FARG_lcd_text_s
0x0004       [2]    FARG_Cf_Fat_Get_File_Date_month
0x0004       [2]    FARG_SPI_Ethernet_sendUDP2_destIP
0x0004       [1]    FARG_Expander_Write_Byte_Data_
0x0004       [1]    FARG_SPI_Ethernet_writeMemory_v1
0x0004       [1]    FARG_Glcd_Rectangle_Round_Edges_Fill_x_bottom_right
0x0004       [2]    FARG_SPI_Ethernet_24j600_putConstBytes_n
0x0004       [2]    FARG_SPI_T6963C_Rectangle_Round_Edges_Fill_y_upper_left
0x0004       [2]    FARG_S1D13700_H_Line_x_end
0x0004       [2]    FARG_S1D13700_V_Line_y_end
0x0004       [1]    FARG_JPEG_FileRead_read_size
0x0004       [2]    FARG_TFT_Partial_Image_top
0x0004       [1]    FARG_PWM1_Init_inverted
0x0004       [4]    FARG_JPEG_FileReadBytes_cnt
0x0004       [2]    FARG_SPI_T6963C_PartialImage_y_top
0x0004       [2]    FARG_S1D13700_Box_y0
0x0004       [1]    FARG_SPI_T6963C_Config_height
0x0004       [2]    FARG_S1D13700_Rectangle_Round_Edges_y_upper_left
0x0004       [2]    FARG_SPI_T6963C_Rectangle_Round_Edges_y_upper_left
0x0004       [2]    FARG_S1D13700_Rectangle_y0
0x0004       [2]    FARG_SPI_T6963C_Circle_Fill_y_center
0x0004       [2]    FARG_S1D13700_Line_y0
0x0004       [1]    FARG_S1D13700_Set_Cursor_mode
0x0004       [2]    FARG_WordToHex_output
0x0004       [2]    FARG_IntToHex_output
0x0004       [1]    FARG_strAppendSuf_letter
0x0004       [2]    FARG_strstr_s2
0x0004       [2]    FARG_TFT_PartialImage16bpp_top
0x0004       [1]    FARG_PWM2_Init_inverted
0x0004       [2]    FARG_WordToStrWithZeros_output
0x0004       [2]    FARG_IntToStr_output
0x0004       [2]    FARG_IntToStrWithZeros_output
0x0004       [2]    FARG_S1D13700_Dot_y
0x0004       [2]    FARG_UART_Set_Active_write_ptr
0x0004       [2]    FARG_S1D13700_Init_height
0x0004       [2]    FARG_WordToStr_output
0x0004       [2]    FARG_FLASH_Read_Words_buffer
0x0004       [2]    FARG_Spi_Lcd8_Out_text
0x0004       [1]    FARG_Spi_Lcd8_Chr_out_char
0x0004       [1]    FARG_Soft_UART_Init_rx_pin
0x0004       [2]    FARG_JPEG_DrawBlock_top
0x0004       [2]    FARG_S1D13700_PartialImage_y_top
0x0004       [1]    FARG_SPI_T6963C_setPtr_c
0x0004       [1]    FARG_EEPROM_Write_dData
0x0004       [2]    FARG_TFT_Image_Jpeg_top
0x0004       [2]    FARG_SPI_Glcd_PartialImage_y_top
0x0004       [1]    FARG_SPI_Glcd_Rectangle_Round_Edges_Fill_x_bottom_right
0x0004       [1]    FARG_T6963C_SetPtr_c
0x0004       [2]    FARG_Spi_Lcd_Out_text
0x0004       [2]    FARG_S1D13700_Write_Text_x
0x0004       [1]    FARG_Spi_Lcd_Chr_Out_Char
0x0004       [2]    FARG_S1D13700_Circle_Fill_y_center
0x0004       [2]    FARG_SPI_T6963C_circle_y
0x0004       [2]    FARG_FLASH_Read_Bytes_buffer
0x0004       [2]    FARG_SPI_T6963C_line_y0
0x0004       [2]    FARG_JPEG_InverseDCT_quantptr
0x0004       [2]    FARG_SPI_T6963C_rectangle_y0
0x0004       [2]    FARG_SPI_T6963C_box_y0
0x0004       [2]    FARG_S1D13700_Rectangle_Round_Edges_Fill_y_upper_left
0x0004       [1]    FARG_SPI_T6963C_write_char_y
0x0004       [2]    FARG_FLASH_Write_Page_dData
0x0004       [2]    FARG_SPI_T6963C_sprite_pic
0x0004       [2]    FARG_Time_dateDiff_t2
0x0004       [2]    FARG_SPI_T6963C_dot_y
0x0004       [2]    FARG_S1D13700_Circle_y_center
0x0004       [1]    FARG_SPI_T6963C_write_text_x
0x0004       [2]    FARG_VDelay_Advanced_ms_Current_Fosc_kHz
0x0004       [2]    FARG_TFT_Circle_y_center
0x0004       [2]    FARG_TFT_Image8bpp_top
0x0004       [2]    FARG_TFT_Image4bpp_top
0x0004       [2]    FARG_TFT_Rectangle_y_upper_left
0x0004       [2]    FARG_SPI_Set_Active_write_ptr
0x0004       [1]    FARG_strchr_ch
0x0004       [2]    FARG_TFT_Image_top
0x0004       [2]    FARG__TFT_Circle_Fill_y_center
0x0004       [2]    FARG_strncat_s2
0x0004       [1]    FARG_PWM16bit_Change_Duty_channel
0x0004       [2]    FARG_TFT_Image16bpp_top
0x0004       [2]    FARG_strcmp_s2
0x0004       [2]    FARG_strcpy_s2
0x0004       [2]    FARG_TFT_Image1bpp_top
0x0004       [2]    FARG_memmove_p2
0x0004       [1]    FARG_memset_character
0x0004       [1]    FARG_memchr_ch
0x0004       [2]    FARG_memcmp_p2
0x0004       [1]    FARG_Rs485master_Send_datalen
0x0004       [1]    FARG_SPI1_Init_Advanced_clock_and_edge
0x0004       [2]    FARG_memcpy_p2
0x0004       [2]    FARG_TFT_Rectangle_Round_Edges_y_upper_left
0x0004       [2]    FARG_strcat2_s1
0x0004       [2]    FARG_TFT_Write_Text_Return_Pos_x
0x0004       [2]    FARG_TFT_Write_Text_x
0x0004       [1]    FARG_Rs485slave_Send_datalen
0x0004       [2]    FARG_strcat_s2
0x0004       [2]    FARG_TFT_Write_Char_x
0x0004       [2]    FARG_Mmc_Fat_Get_File_Date_Modified_month
0x0004       [2]    FARG_TFT_PartialImage8bpp_top
0x0004       [2]    FARG_GetCurrentColor_end_color
0x0004       [2]    FARG_TFT_Color16bitToRGB_rgb_red
0x0004       [1]    FARG_Mmc_Fat_Assign_file_cre_attr
0x0004       [2]    FARG_TFT_Move_Cursor__y
0x0004       [2]    FARG_strcspn_s2
0x0004       [2]    FARG_strncmp_s2
0x0004       [1]    FARG_TFT_Set_Pen_pen_width
0x0004       [2]    FARG_TFT_Set_Active_Write_Command_Ptr
0x0004       [1]    FARG_strrchr_ch
0x0004       [2]    FARG_strpbrk_s2
0x0004       [2]    FARG_UART1_Read_Text_Delimiter
0x0004       [1]    FARG_TFT_RGBToColor16bit_rgb_blue
0x0004       [1]    FARG_Mmc_Fat_Create_file_attr
0x0004       [2]    FARG_TFT_Set_Address_y
0x0004       [2]    FARG_TFT_Line_y1
0x0004       [2]    FARG_Mmc_Fat_Get_File_Date_month
0x0004       [2]    FARG_TFT_V_Line_y_end
0x0004       [2]    FARG_strncpy_s2
0x0004       [2]    FARG_TFT_PartialImage1bpp_top
0x0004       [2]    FARG_strncat2_p2
0x0004       [1]    FARG_PWM16bit_Init_inverted
0x0004       [2]    FARG_TFT_Dot_y
0x0004       [2]    FARG_TFT_PartialImage4bpp_top
0x0004       [2]    FARG_TFT_Init_display_height
0x0004       [2]    FARG_Mmc_Fat_Write_data_len
0x0004       [2]    FARG_strspn_s2
0x0004       [2]    FARG_TFT_H_Line_x_end
0x0004       [1]    FARG_Mmc_Fat_Set_File_Date_month
0x0004       [2]    FARG_T6963C_Circle_y
0x0004       [2]    FARG_T6963C_Dot_y
0x0004       [2]    FARG_T6963C_Rectangle_Round_Edges_y_upper_left
0x0004       [2]    FARG_Sound_Play_duration_ms
0x0004       [2]    FARG_T6963C_Rectangle_Round_Edges_Fill_y_upper_left
0x0004       [2]    FARG_TP_TFT_Set_Calibration_Consts_x_max
0x0004       [2]    FARG_TP_Init_display_height
0x0004       [2]    FARG_TP_Get_Coordinates_y_coordinate
0x0004       [2]    FARG_TP_TFT_Init_display_height
0x0004       [1]    FARG_SPI_Glcd_Rectangle_Round_Edges_x_bottom_right
0x0004       [1]    FARG_SPI_Glcd_Write_Char_page_num
0x0004       [1]    FARG_Button_pin
0x0004       [1]    FARG_SPI_Glcd_V_Line_x_pos
0x0004       [2]    FARG_SPI_Glcd_Circle_y_center
0x0004       [2]    FARG_T6963C_Rectangle_y0
0x0004       [2]    FARG_T6963C_Sprite_pic
0x0004       [2]    FARG_T6963C_Circle_Fill_y_center
0x0004       [1]    FARG_SPI_Glcd_Rectangle_x_bottom_right
0x0004       [1]    FARG_T6963C_Write_Char_y
0x0004       [1]    FARG_T6963C_Write_Text_x
0x0004       [1]    FARG_Ow_Write_pin
0x0004       [1]    FARG_SPI_Glcd_Dot_color
0x0004       [2]    FARG_TP_TFT_Get_Coordinates_y_coordinate
0x0004       [1]    FARG_SPI_Glcd_H_Line_y_pos
0x0004       [2]    FARG_T6963C_Box_y0
0x0004       [1]    FARG_SPI_Glcd_Write_Text_x_pos
0x0004       [1]    FARG_Sound_Init_pin
0x0004       [1]    FARG_Ow_Reset_pin
0x0004       [1]    FARG_Ow_Read_pin
0x0004       [2]    FARG_TP_TFT_Get_Calibration_Consts_x_max
0x0004       [2]    FARG_Ps2_Key_Read_special
0x0004       [2]    FARG_T6963C_Line_y0
0x0004       [2]    FARG_Spi_Glcd_Line_y_start
0x0004       [1]    FARG_T6963C_Init_fntW
0x0004       [1]    FARG_SPI_Glcd_Box_x_bottom_right
0x0004       [2]    FARG_SPI_Glcd_Circle_Fill_y_center
0x0004       [2]    FARG_T6963C_PartialImage_y_top
0x0005       [1]    FARG_T6963C_Write_Text_y
0x0005       [1]    FARG_Glcd_H_Line_color
0x0005       [1]    FARG_SPI_Glcd_Rectangle_y_bottom_right
0x0005       [2]    FARG_SPI_T6963C_fill_len
0x0005       [2]    FARG_SPI_Ethernet_doUDP_payloadAddr
0x0005       [1]    FARG_SPI_Ethernet_24j600_writeMemory_v2
0x0005       [1]    FARG_SPI_T6963C_write_text_y
0x0005       [1]    FARG_Mmc_Fat_Set_File_Date_day
0x0005       [1]    FARG_Ow_Write_data_
0x0005       [1]    FARG_Cf_Fat_Set_File_Date_day
0x0005       [2]    FARG_SPI_Ethernet_24j600_doUDP_payloadAddr
0x0005       [2]    FARG_PWM16bit_Init_duty
0x0005       [1]    FARG_Glcd_Rectangle_y_bottom_right
0x0005       [1]    FARG_TFT_Set_Brush_gradient_enabled
0x0005       [1]    FARG_Glcd_Write_Text_page_num
0x0005       [1]    FARG_SPI_T6963C_write_char_mode
0x0005       [1]    FARG_Button_time
0x0005       [1]    FARG_SPI_Glcd_H_Line_color
0x0005       [1]    FARG_Glcd_Set_Font_FontHeight
0x0005       [1]    FARG_SPI_Ethernet_writeMemory_v2
0x0005       [1]    FARG_Glcd_Box_y_bottom_right
0x0005       [2]    FARG_T6963C_Fill_len
0x0005       [1]    FARG_Glcd_V_Line_color
0x0005       [1]    FARG_SPI_Glcd_Rectangle_Round_Edges_y_bottom_right
0x0005       [1]    FARG_T6963C_Write_Char_mode
0x0005       [1]    FARG_SPI_Glcd_Write_Char_color
0x0005       [1]    FARG_SPI_Glcd_Rectangle_Round_Edges_Fill_y_bottom_right
0x0005       [1]    FARG_Glcd_Rectangle_Round_Edges_Fill_y_bottom_right
0x0005       [1]    FARG_Rs485master_Send_slave_address
0x0005       [1]    FARG_SPI_Glcd_Box_y_bottom_right
0x0005       [2]    FARG_memset_n
0x0005       [2]    FARG_SPI_Ethernet_readPHY_l
0x0005       [1]    FARG_SPI_Glcd_Write_Text_page_num
0x0005       [2]    FARG_memchr_n
0x0005       [1]    FARG_Soft_UART_Init_tx_pin
0x0005       [1]    FARG_Glcd_Write_Char_color
0x0005       [1]    FARG_PWM2_Init_duty
0x0005       [2]    FARG_S1D13700_Fill_len
0x0005       [1]    FARG_SPI_Glcd_V_Line_color
0x0005       [4]    FARG_JPEG_FileRead_cnt
0x0005       [1]    FARG_Glcd_Rectangle_Round_Edges_y_bottom_right
0x0005       [1]    FARG_Expander_Init_Advanced_haen
0x0005       [1]    FARG_CANSPIInitialize_PHSEG2
0x0005       [1]    R5
0x0005       [1]    FARG_SPI_T6963C_Config_fntW
0x0005       [2]    FARG_SPI_Ethernet_24j600_readPHY_l
0x0005       [2]    FARG_S1D13700_Write_Char_y
0x0005       [1]    FARG_CANSPISetBaudRate_PHSEG2
0x0005       [1]    FARG_PWM1_Init_duty
0x0006       [2]    FARG_TFT_PartialImage8bpp_width
0x0006       [2]    FARG_Cf_Fat_Get_File_Date_Modified_day
0x0006       [2]    FARG_TP_TFT_Get_Calibration_Consts_y_min
0x0006       [2]    FARG_strncmp_len
0x0006       [2]    FARG_GetCurrentColor_distance
0x0006       [1]    FARG_CANSPIInitialize_PROPSEG
0x0006       [2]    FARG_SPI_Ethernet_confNetwork_dnsIpAddr
0x0006       [2]    FARG_TFT_Set_Active_Write_Data_Ptr
0x0006       [1]    FARG_SPI_Glcd_Set_Font_aFontWidth
0x0006       [2]    FARG_TFT_PartialImage16bpp_width
0x0006       [1]    FARG_SPI_Ethernet_Init_fullDuplex
0x0006       [2]    FARG_UART_Set_Active_ready_ptr
0x0006       [2]    FARG_LongWordToHex_output
0x0006       [2]    FARG_LongIntToHex_output
0x0006       [1]    FARG_Cf_Fat_Set_File_Date_hours
0x0006       [2]    FARG_SPI_Ethernet_sendUDP2_sourcePort
0x0006       [2]    FARG_Cf_Fat_Get_File_Date_day
0x0006       [2]    FARG_TFT_Color16bitToRGB_rgb_green
0x0006       [1]    FARG_T6963C_Write_Text_mode
0x0006       [2]    FARG_TFT_Set_Font_font_color
0x0006       [1]    FARG_UART1_Read_Text_Attempts
0x0006       [2]    FARG_SPI_Ethernet_24j600_sendUDP_destPort
0x0006       [1]    FARG_TFT_Set_Brush_gradient_orientation
0x0006       [4]    FARG_TFT_Image1bpp_image
0x0006       [2]    FARG_T6963C_Circle_Fill_radius
0x0006       [1]    R6
0x0006       [2]    FARG_strcat2_s2
0x0006       [2]    FARG_TFT_Write_Text_Return_Pos_y
0x0006       [2]    FARG_TFT_Rectangle_x_bottom_right
0x0006       [4]    FARG_TFT_Image4bpp_image
0x0006       [4]    FARG_TFT_Image8bpp_image
0x0006       [2]    FARG_T6963C_Box_x1
0x0006       [4]    FARG_TFT_Image16bpp_image
0x0006       [2]    FARG_TFT_Circle_radius
0x0006       [2]    FARG_SPI_Ethernet_sendUDP_destPort
0x0006       [1]    FARG_TP_Init_readX_ChNo
0x0006       [2]    FARG_memcpy_nn
0x0006       [2]    FARG_TP_Get_Calibration_Consts_y_min
0x0006       [2]    FARG_memmove_nn
0x0006       [2]    FARG_CANSPIRead_data_len
0x0006       [2]    FARG_memcmp_n
0x0006       [2]    FARG_T6963C_PartialImage_width
0x0006       [2]    FARG_Ps2_Key_Read_pressed
0x0006       [2]    FARG_T6963C_Rectangle_x1
0x0006       [2]    FARG_TFT_Write_Text_y
0x0006       [1]    FARG_Glcd_Set_Font_FontOffs
0x0006       [2]    FARG_TP_Set_Calibration_Consts_y_min
0x0006       [2]    FARG_TFT_Write_Char_y
0x0006       [2]    FARG_TFT_Rectangle_Round_Edges_x_bottom_right
0x0006       [1]    FARG_Mmc_Fat_Set_File_Date_hours
0x0006       [2]    FARG_TFT_Dot_color
0x0006       [2]    FARG_T6963C_Line_x1
0x0006       [2]    FARG_TFT_V_Line_x_pos
0x0006       [2]    FARG_TFT_H_Line_y_pos
0x0006       [2]    FARG_SPI_Ethernet_doTCP_payloadAddr
0x0006       [2]    FARG_serial_send_ref
0x0006       [2]    FARG_TP_TFT_Set_Calibration_Consts_y_min
0x0006       [2]    FARG_Glcd_Line_x_end
0x0006       [1]    FARG_T6963C_Dot_color
0x0006       [2]    FARG_TFT_PartialImage4bpp_width
0x0006       [2]    FARG_Cf_Fat_Get_Swap_File_filename
0x0006       [1]    FARG_UART1_Init_Advanced_parity
0x0006       [2]    FARG_T6963C_Rectangle_Round_Edges_x_bottom_right
0x0006       [2]    FARG_Mmc_Fat_Get_File_Date_Modified_day
0x0006       [2]    FARG_strncat_size
0x0006       [2]    FARG_Mmc_Fat_Get_Swap_File_filename
0x0006       [4]    FARG_TFT_Image_image
0x0006       [2]    FARG__TFT_Circle_Fill_radius
0x0006       [2]    FARG_T6963C_Circle_r
0x0006       [2]    FARG_T6963C_Rectangle_Round_Edges_Fill_x_bottom_right
0x0006       [2]    FARG_strncpy_size
0x0006       [2]    FARG_Mmc_Fat_Get_File_Date_day
0x0006       [2]    FARG_TFT_PartialImage1bpp_width
0x0006       [1]    FARG_Glcd_Write_Text_color
0x0006       [2]    FARG_TFT_Line_x2
0x0006       [2]    FARG_CANSPIWrite_wr_data
0x0006       [1]    FARG_SPI_T6963C_write_text_mode
0x0006       [1]    FARG_Button_activeState
0x0006       [2]    FARG_S1D13700_Circle_radius
0x0006       [2]    FARG_Glcd_PartialImage_width
0x0006       [1]    FARG_SPI_T6963C_dot_color
0x0006       [2]    FARG_SPI_Glcd_Circle_Fill_radius
0x0006       [2]    FARG_SPI_Ethernet_24j600_memcpy_l
0x0006       [2]    FARG_S1D13700_Circle_Fill_radius
0x0006       [1]    FARG_Cf_Write_Init_sectcnt
0x0006       [2]    FARG_S1D13700_PartialImage_width
0x0006       [1]    FARG_SPI_Ethernet_24j600_memcmp_l
0x0006       [1]    FARG_Glcd_Rectangle_color
0x0006       [1]    FARG_SPI_T6963C_sprite_sx
0x0006       [2]    FARG_SPI_Ethernet_24j600_doTCP_payloadAddr
0x0006       [2]    FARG_S1D13700_Rectangle_Round_Edges_Fill_x_bottom_right
0x0006       [4]    FARG_JPEG_UnscaleValue_n
0x0006       [1]    FARG_SPI_T6963C_Config_DeviceAddress
0x0006       [2]    FARG_SPI_T6963C_rectangle_x1
0x0006       [2]    FARG_SPI_T6963C_box_x1
0x0006       [2]    FARG_SPI_Ethernet_24j600_getBytes_n
0x0006       [2]    FARG_FLASH_Read_Bytes_NoBytes
0x0006       [2]    FARG_SPI_Ethernet_getBytes_n
0x0006       [2]    FARG_SPI_T6963C_line_x1
0x0006       [2]    FARG_SPI_T6963C_circle_r
0x0006       [2]    FARG_SPI_Glcd_Circle_radius
0x0006       [2]    FARG_Time_epochToDate_ts
0x0006       [2]    FARG_SPI_Ethernet_24j600_RAMcopy_dest
0x0006       [1]    FARG_Glcd_Box_color
0x0006       [2]    FARG_SPI_Ethernet_24j600_confNetwork_dnsIpAddr
0x0006       [2]    FARG_Cf_Read_Sector_buffer
0x0006       [2]    FARG_S1D13700_Write_Text_y
0x0006       [2]    FARG_modf_iptr
0x0006       [4]    FARG_pow_y
0x0006       [2]    FARG_SPI_Glcd_PartialImage_width
0x0006       [1]    FARG_SPI_Glcd_Rectangle_Round_Edges_Fill_round_radius
0x0006       [1]    FARG_Glcd_Rectangle_Round_Edges_Fill_round_radius
0x0006       [1]    FARG_SPI_Glcd_Box_color
0x0006       [2]    FARG_SPI_Ethernet_24j600_sendUDP2_sourcePort
0x0006       [4]    FARG_TFT_Image_Jpeg_image
0x0006       [1]    FARG_Cf_Read_Init_sector_count
0x0006       [2]    FARG_Mmc_Write_Sector_dbuff
0x0006       [2]    FARG_ldexp_newexp
0x0006       [2]    FARG_eval_poly_dd
0x0006       [1]    FARG_Glcd_Rectangle_Round_Edges_round_radius
0x0006       [2]    FARG_frexp_eptr
0x0006       [1]    FARG_CANSPISetBaudRate_PROPSEG
0x0006       [1]    FARG_SPI_Glcd_Rectangle_color
0x0006       [1]    FARG_SPI_Glcd_Rectangle_Round_Edges_round_radius
0x0006       [1]    FARG_SPI_Ethernet_24j600_Init_configuration
0x0006       [2]    FARG_Mmc_Read_Sector_dbuff
0x0006       [4]    FARG_atan2_x
0x0006       [2]    FARG_Cf_Write_Sector_buffer
0x0006       [4]    FARG_Soft_UART_Init_baud_rate
0x0006       [2]    FARG_LongIntToStr_output
0x0006       [2]    FARG_SPI_T6963C_Rectangle_Round_Edges_x_bottom_right
0x0006       [2]    FARG_SPI_T6963C_Rectangle_Round_Edges_Fill_x_bottom_right
0x0006       [2]    FARG_S1D13700_Rectangle_Round_Edges_x_bottom_right
0x0006       [2]    FARG_LongWordToStr_output
0x0006       [2]    FARG_TFT_Partial_Image_width
0x0006       [2]    FARG_LongWordToStrWithZeros_output
0x0006       [2]    FARG_FloatToStr_output
0x0006       [2]    FARG_S1D13700_Rectangle_x1
0x0006       [2]    FARG_Glcd_Circle_Fill_radius
0x0006       [2]    FARG_LongIntToStrWithZeros_output
0x0006       [2]    FARG_SPI_T6963C_Circle_Fill_radius
0x0006       [1]    FARG_TP_TFT_Init_readX_ChNo
0x0006       [2]    FARG_Glcd_Circle_radius
0x0006       [2]    FARG_Spi_Glcd_Line_x_end
0x0006       [1]    FARG_SPI_Ethernet_memcmp_l
0x0006       [2]    FARG_S1D13700_Box_x1
0x0006       [2]    FARG_S1D13700_V_Line_x_pos
0x0006       [2]    FARG_FLASH_Read_Words_NoWords
0x0006       [2]    FARG_S1D13700_H_Line_y_pos
0x0006       [2]    FARG_SPI_Ethernet_RAMcopy_dest
0x0006       [1]    FARG_S1D13700_Dot_color
0x0006       [2]    FARG_SPI_T6963C_PartialImage_width
0x0006       [2]    FARG_S1D13700_Line_x1
0x0006       [2]    FARG_SPI_Ethernet_memcpy_l
0x0006       [1]    FARG_T6963C_Sprite_sx
0x0006       [1]    FARG_SPI_Glcd_Write_Text_color
0x0007       [1]    FARG_CANSPIInitialize_CANSPI_CONFIG_FLAGS
0x0007       [1]    FARG_TP_Init_readY_ChNo
0x0007       [1]    FARG_CANSPIIDToRegs_CANSPI_CONFIG_FLAGS
0x0007       [1]    FARG_T6963C_Sprite_sy
0x0007       [1]    FARG_PWM16bit_Init_timer
0x0007       [1]    FARG_SPI_T6963C_sprite_sy
0x0007       [1]    FARG_TP_TFT_Init_readY_ChNo
0x0007       [1]    FARG_CANSPISetBaudRate_CANSPI_CONFIG_FLAGS
0x0007       [1]    R7
0x0007       [1]    FARG_Glcd_Rectangle_Round_Edges_color
0x0007       [1]    FARG_CANSPISetFilter_CANSPI_CONFIG_FLAGS
0x0007       [2]    FARG_TFT_Set_Brush_gradient_color_from
0x0007       [1]    FARG_S1D13700_Write_Char_mode
0x0007       [1]    FARG_Mmc_Send_Command_crc
0x0007       [1]    FARG_SPI_Glcd_Rectangle_Round_Edges_Fill_color
0x0007       [1]    FARG_Mmc_Fat_Set_File_Date_mins
0x0007       [1]    FARG_UART1_Init_Advanced_stop_bits
0x0007       [1]    FARG_SPI_T6963C_Config_wr
0x0007       [1]    FARG_Glcd_Rectangle_Round_Edges_Fill_color
0x0007       [1]    FARG_CANSPISetMask_CANSPI_CONFIG_FLAGS
0x0007       [1]    FARG_SPI_Glcd_Set_Font_aFontHeight
0x0007       [1]    FARG_Cf_Fat_Set_File_Date_mins
0x0007       [1]    FARG_SPI_Glcd_Rectangle_Round_Edges_color
0x0008       [2]    FARG_T6963C_PartialImage_height
0x0008       [2]    FARG_CANSPIRead_CANSPI_RX_MSG_FLAGS
0x0008       [1]    FARG_T6963C_Circle_Fill_color
0x0008       [2]    FARG_Spi_Glcd_Line_y_end
0x0008       [1]    FARG_CANSPIWrite_data_len
0x0008       [1]    FARG_S1D13700_Write_Text_mode
0x0008       [1]    FARG_eval_poly_nn
0x0008       [2]    FARG_TFT_Rectangle_Round_Edges_y_bottom_right
0x0008       [2]    FARG_SPI_Ethernet_24j600_sendUDP2_destPort
0x0008       [2]    FARG_SPI_Glcd_Set_Font_aFontOffs
0x0008       [2]    FARG_TFT_Rectangle_y_bottom_right
0x0008       [2]    FARG_S1D13700_Line_y1
0x0008       [2]    FARG_SPI_T6963C_Rectangle_Round_Edges_Fill_y_bottom_right
0x0008       [2]    FARG_SPI_Glcd_PartialImage_height
0x0008       [2]    FARG_T6963C_Rectangle_y1
0x0008       [2]    FARG_S1D13700_Rectangle_Round_Edges_y_bottom_right
0x0008       [1]    FARG_SPI_Glcd_Circle_color
0x0008       [2]    FARG_S1D13700_Rectangle_Round_Edges_Fill_y_bottom_right
0x0008       [2]    FARG_SPI_T6963C_circle_pcolor
0x0008       [2]    FARG_Cf_Fat_Get_File_Date_hours
0x0008       [2]    FARG_SPI_T6963C_line_y1
0x0008       [2]    FARG_S1D13700_Rectangle_y1
0x0008       [2]    FARG_T6963C_Rectangle_Round_Edges_Fill_y_bottom_right
0x0008       [2]    FARG_TFT_Color16bitToRGB_rgb_blue
0x0008       [2]    FARG_Cf_Fat_Get_File_Date_Modified_hours
0x0008       [2]    FARG_SPI_T6963C_rectangle_y1
0x0008       [2]    FARG_S1D13700_Box_y1
0x0008       [1]    FARG_SPI_T6963C_Config_rd
0x0008       [2]    FARG_SPI_T6963C_box_y1
0x0008       [2]    FARG_SPI_T6963C_PartialImage_height
0x0008       [2]    FARG_T6963C_Line_y1
0x0008       [1]    FARG_Cf_Fat_Get_Swap_File_file_attr
0x0008       [2]    FARG_GetCurrentColor_range
0x0008       [1]    FARG__TFT_Circle_Fill_horizontal
0x0008       [1]    FARG_TFT_Set_Font_font_orientation
0x0008       [1]    FARG_S1D13700_V_Line_color
0x0008       [1]    FARG_S1D13700_Circle_Fill_color
0x0008       [1]    FARG_SPI_Ethernet_24j600_RAMcopy_w
0x0008       [2]    FARG_T6963C_Box_y1
0x0008       [1]    FARG_S1D13700_H_Line_color
0x0008       [2]    FARG_S1D13700_PartialImage_height
0x0008       [2]    FARG_SPI_T6963C_Rectangle_Round_Edges_y_bottom_right
0x0008       [1]    FARG_SPI_Glcd_Circle_Fill_color
0x0008       [1]    FARG_SPI_T6963C_Circle_Fill_color
0x0008       [1]    FARG_Cf_Fat_Set_File_Date_seconds
0x0008       [2]    FARG_TFT_Line_y2
0x0008       [1]    FARG_S1D13700_Circle_color
0x0008       [2]    FARG_SPI_Ethernet_24j600_sendUDP_pkt
0x0008       [2]    FARG_T6963C_Rectangle_Round_Edges_y_bottom_right
0x0008       [2]    FARG_T6963C_Circle_pcolor
0x0008       [1]    R8
0x0008       [2]    FARG_Mmc_Fat_Get_File_Date_hours
0x0008       [1]    FARG_Glcd_Circle_Fill_color
0x0008       [2]    FARG_TP_TFT_Set_Calibration_Consts_y_max
0x0008       [2]    FARG_TP_TFT_Get_Calibration_Consts_y_max
0x0008       [1]    FARG_Mmc_Fat_Set_File_Date_seconds
0x0008       [2]    FARG_TFT_PartialImage1bpp_height
0x0008       [2]    FARG_TP_Set_Calibration_Consts_y_max
0x0008       [2]    FARG_TP_Get_Calibration_Consts_y_max
0x0008       [2]    FARG_SPI_Ethernet_sendUDP_pkt
0x0008       [2]    FARG_Mmc_Fat_Get_File_Date_Modified_hours
0x0008       [1]    FARG_Mmc_Fat_Get_Swap_File_file_attr
0x0008       [2]    FARG_TFT_PartialImage8bpp_height
0x0008       [1]    FARG_Glcd_Circle_color
0x0008       [2]    FARG_TFT_Partial_Image_height
0x0008       [2]    FARG_SPI_Ethernet_sendUDP2_destPort
0x0008       [1]    FARG_SPI_Ethernet_RAMcopy_w
0x0008       [2]    FARG_TFT_PartialImage16bpp_height
0x0008       [2]    FARG_TFT_PartialImage4bpp_height
0x0008       [2]    FARG_Glcd_Line_y_end
0x0008       [2]    FARG_UART_Set_Active_tx_idle_ptr
0x0008       [2]    FARG_Glcd_PartialImage_height
0x0009       [1]    R9
0x0009       [1]    FARG_SPI_T6963C_Config_cd
0x0009       [1]    FARG_CANSPIWrite_CANSPI_TX_MSG_FLAGS
0x000A       [1]    R10
0x000B       [1]    R11
0x000C       [1]    R12
0x000D       [1]    R13
0x000E       [1]    R14
0x000F       [1]    R15
0x0010       [2]    FLASH_Read_Word_temp
0x0010       [1]    R16
0x0011       [1]    R17
0x0012       [1]    R18
0x0013       [1]    R19
0x0014       [1]    R20
0x0015       [1]    R21
0x0016       [1]    R22
0x0017       [1]    R23
0x0018       [2]    FLASH_Read_Words_counter
0x0018       [2]    FLASH_Read_Bytes_counter
0x0018       [1]    R24
0x0019       [1]    R25
0x001A       [1]    XL
0x001A       [2]    X
0x001A       [1]    R26
0x001B       [1]    R27
0x001B       [1]    XH
0x001C       [1]    YL
0x001C       [2]    Y
0x001C       [1]    R28
0x001D       [1]    R29
0x001D       [1]    YH
0x001E       [2]    memset_chptr
0x001E       [2]    memchr_chptr
0x001E       [2]    Length_ptr
0x001E       [2]    Z
0x001E       [1]    R30
0x001E       [1]    ZL
0x001E       [2]    strchr_ptr
0x001E       [2]    strlen_ptr
0x001F       [1]    R31
0x001F       [1]    ZH
0x0020       [0]    TWBR3_bit
0x0020       [0]    TWBR2_bit
0x0020       [0]    TWBR0_bit
0x0020       [0]    TWBR1_bit
0x0020       [0]    TWBR6_bit
0x0020       [0]    TWBR7_bit
0x0020       [0]    TWBR5_bit
0x0020       [1]    TWBR
0x0020       [0]    TWBR4_bit
0x0021       [0]    TWS5_bit
0x0021       [1]    TWSR
0x0021       [0]    TWS4_bit
0x0021       [0]    TWS6_bit
0x0021       [0]    TWS3_bit
0x0021       [0]    TWPS1_bit
0x0021       [0]    TWPS0_bit
0x0021       [0]    TWS7_bit
0x0022       [1]    TWAR
0x0022       [0]    TWA2_bit
0x0022       [0]    TWA1_bit
0x0022       [0]    TWGCE_bit
0x0022       [0]    TWA0_bit
0x0022       [0]    TWA3_bit
0x0022       [0]    TWA4_bit
0x0022       [0]    TWA5_bit
0x0022       [0]    TWA6_bit
0x0023       [0]    TWD6_bit
0x0023       [0]    TWD7_bit
0x0023       [0]    TWD1_bit
0x0023       [0]    TWD4_bit
0x0023       [0]    TWD3_bit
0x0023       [0]    TWD5_bit
0x0023       [0]    TWD2_bit
0x0023       [0]    TWD0_bit
0x0023       [1]    TWDR
0x0024       [0]    ADCL6_bit
0x0024       [0]    ADCL4_bit
0x0024       [0]    ADCL5_bit
0x0024       [0]    ADCL7_bit
0x0024       [0]    ADCL0_bit
0x0024       [0]    ADCL3_bit
0x0024       [0]    ADCL2_bit
0x0024       [0]    ADCL1_bit
0x0024       [1]    ADCL
0x0025       [0]    ADCH5_bit
0x0025       [0]    ADCH4_bit
0x0025       [0]    ADCH3_bit
0x0025       [0]    ADCH2_bit
0x0025       [0]    ADCH6_bit
0x0025       [0]    ADCH7_bit
0x0025       [0]    ADCH0_bit
0x0025       [0]    ADCH1_bit
0x0025       [1]    ADCH
0x0026       [0]    ADPS2_bit
0x0026       [0]    ADATE_bit
0x0026       [0]    ADIF_bit
0x0026       [0]    ADEN_bit
0x0026       [0]    ADPS0_bit
0x0026       [0]    ADIE_bit
0x0026       [1]    ADCSRA
0x0026       [0]    ADPS1_bit
0x0026       [0]    ADSC_bit
0x0027       [0]    MUX3_bit
0x0027       [1]    ADMUX
0x0027       [0]    REFS1_bit
0x0027       [0]    REFS0_bit
0x0027       [0]    MUX2_bit
0x0027       [0]    MUX4_bit
0x0027       [0]    MUX1_bit
0x0027       [0]    MUX0_bit
0x0027       [0]    ADLAR_bit
0x0028       [0]    ACIS1_bit
0x0028       [0]    ACI_bit
0x0028       [0]    ACIS0_bit
0x0028       [1]    ACSR
0x0028       [0]    ACIC_bit
0x0028       [0]    ACO_bit
0x0028       [0]    ACD_bit
0x0028       [0]    ACIE_bit
0x0028       [0]    ACBG_bit
0x0029       [0]    UBRR6_bit
0x0029       [0]    UBRR5_bit
0x0029       [0]    UBRR3_bit
0x0029       [0]    UBRR1_bit
0x0029       [0]    UBRR7_bit
0x0029       [1]    UBRRL
0x0029       [0]    UBRR0_bit
0x0029       [0]    UBRR2_bit
0x0029       [0]    UBRR4_bit
0x002A       [0]    TXEN_bit
0x002A       [0]    RXB8_bit
0x002A       [0]    RXCIE_bit
0x002A       [0]    TXCIE_bit
0x002A       [0]    UCSZ2_bit
0x002A       [0]    TXB8_bit
0x002A       [0]    UDRIE_bit
0x002A       [0]    RXEN_bit
0x002A       [1]    UCSR0B
0x002A       [1]    UCSRB
0x002B       [0]    FE_bit
0x002B       [0]    UDRE0_bit
0x002B       [0]    RXC_bit
0x002B       [0]    RXC0_bit
0x002B       [0]    TXC_bit
0x002B       [0]    UDRE_bit
0x002B       [0]    TXC0_bit
0x002B       [0]    MPCM_bit
0x002B       [0]    UPE_bit
0x002B       [1]    UCSRA
0x002B       [0]    U2X_bit
0x002B       [0]    DOR_bit
0x002C       [0]    UDR0__bit
0x002C       [0]    UDR2_bit
0x002C       [1]    UDR0
0x002C       [0]    UDR6_bit
0x002C       [0]    UDR5_bit
0x002C       [0]    UDR3_bit
0x002C       [0]    UDR4_bit
0x002C       [0]    UDR7_bit
0x002C       [1]    UDR
0x002C       [0]    UDR1_bit
0x002D       [0]    SPE_bit
0x002D       [0]    SPIE_bit
0x002D       [0]    SPR1_bit
0x002D       [0]    CPHA_bit
0x002D       [1]    SPCR
0x002D       [0]    MSTR_bit
0x002D       [0]    SPR0_bit
0x002D       [0]    CPOL_bit
0x002D       [0]    DORD_bit
0x002E       [0]    SPI2X_bit
0x002E       [0]    SPIF_bit
0x002E       [0]    WCOL_bit
0x002E       [1]    SPSR
0x002F       [0]    SPDR3_bit
0x002F       [0]    SPDR4_bit
0x002F       [0]    SPDR5_bit
0x002F       [0]    SPDR2_bit
0x002F       [1]    SPDR
0x002F       [0]    SPDR0_bit
0x002F       [0]    SPDR1_bit
0x002F       [0]    SPDR6_bit
0x002F       [0]    SPDR7_bit
0x0030       [0]    PIND1_bit
0x0030       [0]    PIND0_bit
0x0030       [0]    PIND2_bit
0x0030       [0]    PIND7_bit
0x0030       [1]    PIND
0x0030       [0]    PIND3_bit
0x0030       [0]    PIND5_bit
0x0030       [0]    PIND4_bit
0x0030       [0]    PIND6_bit
0x0031       [0]    DDD0_bit
0x0031       [0]    DDD1_bit
0x0031       [0]    DDD6_bit
0x0031       [0]    DDD7_bit
0x0031       [1]    DDRD
0x0031       [0]    DDD5_bit
0x0031       [0]    DDD4_bit
0x0031       [0]    DDD3_bit
0x0031       [0]    DDD2_bit
0x0032       [1]    PORTD
0x0032       [0]    PORTD2_bit
0x0032       [0]    PORTD1_bit
0x0032       [0]    PORTD6_bit
0x0032       [0]    PORTD7_bit
0x0032       [0]    PORTD5_bit
0x0032       [0]    PORTD3_bit
0x0032       [0]    PORTD4_bit
0x0032       [0]    PORTD0_bit
0x0033       [0]    PINC2_bit
0x0033       [0]    PINC5_bit
0x0033       [1]    PINC
0x0033       [0]    PINC0_bit
0x0033       [0]    PINC4_bit
0x0033       [0]    PINC3_bit
0x0033       [0]    PINC7_bit
0x0033       [0]    PINC1_bit
0x0033       [0]    PINC6_bit
0x0034       [0]    DDC0_bit
0x0034       [0]    DDC1_bit
0x0034       [0]    DDC7_bit
0x0034       [0]    DDC6_bit
0x0034       [0]    DDC3_bit
0x0034       [0]    DDC4_bit
0x0034       [0]    DDC2_bit
0x0034       [0]    DDC5_bit
0x0034       [1]    DDRC
0x0035       [0]    PORTC3_bit
0x0035       [0]    PORTC4_bit
0x0035       [0]    PORTC1_bit
0x0035       [1]    PORTC
0x0035       [0]    PORTC2_bit
0x0035       [0]    PORTC7_bit
0x0035       [0]    PORTC6_bit
0x0035       [0]    PORTC0_bit
0x0035       [0]    PORTC5_bit
0x0036       [0]    PINB0_bit
0x0036       [0]    PINB1_bit
0x0036       [0]    PINB2_bit
0x0036       [0]    PINB6_bit
0x0036       [0]    PINB7_bit
0x0036       [1]    PINB
0x0036       [0]    PINB3_bit
0x0036       [0]    PINB4_bit
0x0036       [0]    PINB5_bit
0x0037       [1]    DDRB
0x0037       [0]    DDB2_bit
0x0037       [0]    DDB3_bit
0x0037       [0]    DDB0_bit
0x0037       [0]    DDB1_bit
0x0037       [0]    DDB4_bit
0x0037       [0]    DDB7_bit
0x0037       [0]    DDB6_bit
0x0037       [0]    DDB5_bit
0x0038       [0]    PORTB7_bit
0x0038       [0]    PORTB6_bit
0x0038       [0]    PORTB4_bit
0x0038       [0]    PORTB5_bit
0x0038       [0]    PORTB3_bit
0x0038       [0]    PORTB2_bit
0x0038       [0]    PORTB0_bit
0x0038       [1]    PORTB
0x0038       [0]    PORTB1_bit
0x0039       [0]    PINA7_bit
0x0039       [1]    PINA
0x0039       [0]    PINA4_bit
0x0039       [0]    PINA6_bit
0x0039       [0]    PINA5_bit
0x0039       [0]    PINA1_bit
0x0039       [0]    PINA0_bit
0x0039       [0]    PINA2_bit
0x0039       [0]    PINA3_bit
0x003A       [0]    DDA3_bit
0x003A       [0]    DDA4_bit
0x003A       [1]    DDRA
0x003A       [0]    DDA2_bit
0x003A       [0]    DDA5_bit
0x003A       [0]    DDA0_bit
0x003A       [0]    DDA7_bit
0x003A       [0]    DDA1_bit
0x003A       [0]    DDA6_bit
0x003B       [1]    PORTA
0x003B       [0]    PORTA7_bit
0x003B       [0]    PORTA6_bit
0x003B       [0]    PORTA3_bit
0x003B       [0]    PORTA4_bit
0x003B       [0]    PORTA2_bit
0x003B       [0]    PORTA0_bit
0x003B       [0]    PORTA1_bit
0x003B       [0]    PORTA5_bit
0x003C       [0]    EERIE_bit
0x003C       [0]    EERE_bit
0x003C       [1]    EECR
0x003C       [0]    EEWE_bit
0x003C       [0]    EEMWE_bit
0x003D       [0]    EEDR4_bit
0x003D       [0]    EEDR3_bit
0x003D       [0]    EEDR6_bit
0x003D       [1]    EEDR
0x003D       [0]    EEDR5_bit
0x003D       [0]    EEDR7_bit
0x003D       [0]    EEDR0_bit
0x003D       [0]    EEDR1_bit
0x003D       [0]    EEDR2_bit
0x003E       [1]    EEARL
0x003E       [0]    EEAR3_bit
0x003E       [0]    EEAR6_bit
0x003E       [0]    EEAR7_bit
0x003E       [0]    EEAR5_bit
0x003E       [0]    EEAR2_bit
0x003E       [0]    EEAR0_bit
0x003E       [0]    EEAR4_bit
0x003E       [0]    EEAR1_bit
0x003F       [0]    EEAR8_bit
0x003F       [1]    EEARH
0x0040       [1]    UBRRH
0x0040       [0]    UCSZ1_bit
0x0040       [1]    UCSRC
0x0040       [0]    UBRR9_bit
0x0040       [0]    UCPOL_bit
0x0040       [0]    UBRR8_bit
0x0040       [1]    UCSR0C
0x0040       [0]    UCSZ0_bit
0x0040       [0]    URSEL_bit
0x0040       [0]    UPM1_bit
0x0040       [0]    UBRR11_bit
0x0040       [0]    UMSEL_bit
0x0040       [0]    UBRR10_bit
0x0040       [0]    UPM0_bit
0x0040       [0]    USBS_bit
0x0041       [1]    WDTCR
0x0041       [0]    WDP1_bit
0x0041       [0]    WDP2_bit
0x0041       [0]    WDE_bit
0x0041       [0]    WDTOE_bit
0x0041       [0]    WDP0_bit
0x0042       [0]    TCN2UB_bit
0x0042       [0]    AS2_bit
0x0042       [1]    ASSR
0x0042       [0]    OCR2UB_bit
0x0042       [0]    TCR2UB_bit
0x0043       [0]    OCR2_4_bit
0x0043       [0]    OCR2_6_bit
0x0043       [0]    OCR2_3_bit
0x0043       [0]    OCR2_7_bit
0x0043       [0]    OCR2_2_bit
0x0043       [0]    OCR2_5_bit
0x0043       [0]    OCR2_1_bit
0x0043       [0]    OCR2_0_bit
0x0043       [1]    OCR2
0x0044       [0]    TCNT2_1_bit
0x0044       [0]    TCNT2_0_bit
0x0044       [0]    TCNT2_5_bit
0x0044       [0]    TCNT2_6_bit
0x0044       [0]    TCNT2_7_bit
0x0044       [0]    TCNT2_2_bit
0x0044       [0]    TCNT2_3_bit
0x0044       [0]    TCNT2_4_bit
0x0044       [1]    TCNT2
0x0045       [1]    TCCR2
0x0045       [0]    CS20_bit
0x0045       [0]    WGM21_bit
0x0045       [0]    COM20_bit
0x0045       [0]    CS22_bit
0x0045       [0]    COM21_bit
0x0045       [0]    CS21_bit
0x0045       [0]    FOC2_bit
0x0045       [0]    WGM20_bit
0x0046       [1]    ICR1L
0x0046       [0]    ICR1L0_bit
0x0046       [0]    ICR1L1_bit
0x0046       [0]    ICR1L7_bit
0x0046       [0]    ICR1L3_bit
0x0046       [0]    ICR1L4_bit
0x0046       [0]    ICR1L6_bit
0x0046       [0]    ICR1L5_bit
0x0046       [0]    ICR1L2_bit
0x0047       [0]    ICR1H6_bit
0x0047       [1]    ICR1H
0x0047       [0]    ICR1H4_bit
0x0047       [0]    ICR1H0_bit
0x0047       [0]    ICR1H2_bit
0x0047       [0]    ICR1H5_bit
0x0047       [0]    ICR1H1_bit
0x0047       [0]    ICR1H3_bit
0x0047       [0]    ICR1H7_bit
0x0048       [0]    OCR1BL5_bit
0x0048       [0]    OCR1BL4_bit
0x0048       [0]    OCR1BL6_bit
0x0048       [1]    OCR1BL
0x0048       [0]    OCR1BL7_bit
0x0048       [0]    OCR1BL0_bit
0x0048       [0]    OCR1BL1_bit
0x0048       [0]    OCR1BL3_bit
0x0048       [0]    OCR1BL2_bit
0x0049       [0]    OCR1BH6_bit
0x0049       [0]    OCR1BH5_bit
0x0049       [1]    OCR1BH
0x0049       [0]    OCR1BH7_bit
0x0049       [0]    OCR1BH4_bit
0x0049       [0]    OCR1BH1_bit
0x0049       [0]    OCR1BH0_bit
0x0049       [0]    OCR1BH3_bit
0x0049       [0]    OCR1BH2_bit
0x004A       [0]    OCR1AL2_bit
0x004A       [0]    OCR1AL3_bit
0x004A       [0]    OCR1AL0_bit
0x004A       [0]    OCR1AL1_bit
0x004A       [0]    OCR1AL4_bit
0x004A       [0]    OCR1AL7_bit
0x004A       [1]    OCR1AL
0x004A       [0]    OCR1AL5_bit
0x004A       [0]    OCR1AL6_bit
0x004B       [0]    OCR1AH5_bit
0x004B       [0]    OCR1AH4_bit
0x004B       [0]    OCR1AH6_bit
0x004B       [0]    OCR1AH0_bit
0x004B       [0]    OCR1AH7_bit
0x004B       [1]    OCR1AH
0x004B       [0]    OCR1AH2_bit
0x004B       [0]    OCR1AH1_bit
0x004B       [0]    OCR1AH3_bit
0x004C       [0]    TCNT1L5_bit
0x004C       [0]    TCNT1L1_bit
0x004C       [0]    TCNT1L0_bit
0x004C       [0]    TCNT1L7_bit
0x004C       [1]    TCNT1L
0x004C       [0]    TCNT1L4_bit
0x004C       [0]    TCNT1L2_bit
0x004C       [0]    TCNT1L6_bit
0x004C       [0]    TCNT1L3_bit
0x004D       [1]    TCNT1H
0x004D       [0]    TCNT1H4_bit
0x004D       [0]    TCNT1H3_bit
0x004D       [0]    TCNT1H5_bit
0x004D       [0]    TCNT1H7_bit
0x004D       [0]    TCNT1H6_bit
0x004D       [0]    TCNT1H0_bit
0x004D       [0]    TCNT1H1_bit
0x004D       [0]    TCNT1H2_bit
0x004E       [1]    TCCR1B
0x004E       [0]    CS11_bit
0x004E       [0]    CS10_bit
0x004E       [0]    ICES1_bit
0x004E       [0]    ICNC1_bit
0x004E       [0]    WGM13_bit
0x004E       [0]    CS12_bit
0x004E       [0]    WGM12_bit
0x004F       [1]    TCCR1A
0x004F       [0]    COM1A1_bit
0x004F       [0]    FOC1B_bit
0x004F       [0]    WGM11_bit
0x004F       [0]    WGM10_bit
0x004F       [0]    FOC1A_bit
0x004F       [0]    COM1A0_bit
0x004F       [0]    COM1B1_bit
0x004F       [0]    COM1B0_bit
0x0050       [0]    PSR2_bit
0x0050       [0]    PUD_bit
0x0050       [1]    SFIOR
0x0050       [0]    PSR10_bit
0x0050       [0]    ACME_bit
0x0050       [0]    ADTS1_bit
0x0050       [0]    ADTS2_bit
0x0050       [0]    ADTS0_bit
0x0051       [1]    OSCCAL
0x0051       [0]    CAL6_bit
0x0051       [0]    CAL5_bit
0x0051       [0]    OCDR1_bit
0x0051       [0]    OCDR0_bit
0x0051       [0]    CAL7_bit
0x0051       [0]    CAL2_bit
0x0051       [0]    CAL1_bit
0x0051       [0]    CAL0_bit
0x0051       [0]    CAL4_bit
0x0051       [1]    OCDR
0x0051       [0]    CAL3_bit
0x0051       [0]    OCDR2_bit
0x0051       [0]    OCDR5_bit
0x0051       [0]    OCDR4_bit
0x0051       [0]    OCDR7_bit
0x0051       [0]    OCDR6_bit
0x0051       [0]    OCDR3_bit
0x0052       [0]    TCNT0_6_bit
0x0052       [0]    TCNT0_7_bit
0x0052       [0]    TCNT0_0_bit
0x0052       [0]    TCNT0_1_bit
0x0052       [0]    TCNT0_4_bit
0x0052       [0]    TCNT0_3_bit
0x0052       [0]    TCNT0_5_bit
0x0052       [0]    TCNT0_2_bit
0x0052       [1]    TCNT0
0x0053       [0]    COM01_bit
0x0053       [0]    WGM00_bit
0x0053       [1]    TCCR0
0x0053       [0]    FOC0_bit
0x0053       [0]    CS02_bit
0x0053       [0]    CS01_bit
0x0053       [0]    WGM01_bit
0x0053       [0]    CS00_bit
0x0053       [0]    COM00_bit
0x0054       [0]    WDRF_bit
0x0054       [0]    JTRF_bit
0x0054       [0]    JTD_bit
0x0054       [1]    MCUCSR
0x0054       [0]    EXTRF_bit
0x0054       [0]    BORF_bit
0x0054       [0]    ISC2_bit
0x0054       [0]    PORF_bit
0x0055       [0]    SE_bit
0x0055       [0]    SM2_bit
0x0055       [0]    ISC11_bit
0x0055       [0]    ISC00_bit
0x0055       [0]    ISC01_bit
0x0055       [0]    SM1_bit
0x0055       [0]    SM0_bit
0x0055       [1]    MCUCR
0x0055       [0]    ISC10_bit
0x0056       [0]    TWEN_bit
0x0056       [0]    TWSTA_bit
0x0056       [0]    TWSTO_bit
0x0056       [1]    TWCR
0x0056       [0]    TWWC_bit
0x0056       [0]    TWEA_bit
0x0056       [0]    TWINT_bit
0x0056       [0]    TWIE_bit
0x0057       [0]    RWWSRE_bit
0x0057       [1]    SPMCSR
0x0057       [0]    RWWSB_bit
0x0057       [0]    SPMIE_bit
0x0057       [0]    SPMEN_bit
0x0057       [0]    PGWRT_bit
0x0057       [0]    PGERS_bit
0x0057       [0]    BLBSET_bit
0x0058       [0]    TOV1_bit
0x0058       [0]    TOV0_bit
0x0058       [0]    OCF0_bit
0x0058       [0]    OCF1B_bit
0x0058       [0]    TOV2_bit
0x0058       [0]    OCF2_bit
0x0058       [0]    ICF1_bit
0x0058       [0]    OCF1A_bit
0x0058       [1]    TIFR
0x0059       [0]    TICIE1_bit
0x0059       [0]    OCIE1A_bit
0x0059       [0]    OCIE1B_bit
0x0059       [1]    TIMSK
0x0059       [0]    OCIE2_bit
0x0059       [0]    TOIE2_bit
0x0059       [0]    TOIE1_bit
0x0059       [0]    TOIE0_bit
0x0059       [0]    OCIE0_bit
0x005A       [0]    INTF0_bit
0x005A       [1]    GIFR
0x005A       [0]    INTF1_bit
0x005A       [0]    INTF2_bit
0x005B       [0]    INT2_bit
0x005B       [0]    INT1_bit
0x005B       [1]    GICR
0x005B       [0]    INT0_bit
0x005B       [0]    IVCE_bit
0x005B       [0]    IVSEL_bit
0x005C       [1]    OCR0
0x005C       [0]    OCR0_2_bit
0x005C       [0]    OCR0_3_bit
0x005C       [0]    OCR0_0_bit
0x005C       [0]    OCR0_1_bit
0x005C       [0]    OCR0_6_bit
0x005C       [0]    OCR0_7_bit
0x005C       [0]    OCR0_4_bit
0x005C       [0]    OCR0_5_bit
0x005D       [0]    SP2_bit
0x005D       [0]    SP3_bit
0x005D       [0]    SP1_bit
0x005D       [1]    SPL
0x005D       [0]    SP0_bit
0x005D       [0]    SP6_bit
0x005D       [0]    SP7_bit
0x005D       [0]    SP5_bit
0x005D       [0]    SP4_bit
0x005E       [0]    SP10_bit
0x005E       [0]    SP11_bit
0x005E       [0]    SP9_bit
0x005E       [1]    SPH
0x005E       [0]    SP8_bit
0x005E       [0]    SP14_bit
0x005E       [0]    SP15_bit
0x005E       [0]    SP12_bit
0x005E       [0]    SP13_bit
0x005F       [0]    SREG_Z_bit
0x005F       [0]    SREG_N_bit
0x005F       [1]    SREG
0x005F       [0]    SREG_C_bit
0x005F       [0]    SREG_V_bit
0x005F       [0]    SREG_T_bit
0x005F       [0]    SREG_I_bit
0x005F       [0]    SREG_S_bit
0x005F       [0]    SREG_H_bit
//** Label List: ** 
//----------------------------------------------
  L_end__main
  L_end_main
  _main
  L_end__serial_init
  L_end__serial_send
  L__serial_send2
  L__serial_send4
  L__serial_send6
  L__serial_send8
  L__serial_send10
  L__serial_send12
  L_end__Init_pwm
  L_end__Init_int0
  L_end__Init_int1
  L_end__Init_int2
  L_end__Motor0
  L__Motor019
  L__Motor020
  L__Motor021
  L_end__Motor1
  L__Motor123
  L__Motor124
  L__Motor125
  L_end__stai_us
  CICLU_STAI_US_16
  L_end_Flexunit_lcd_comm
  L_Flexunit_lcd_comm29
  L_Flexunit_lcd_comm30
  L_Flexunit_lcd_comm31
  L_Flexunit_lcd_comm32
  L_Flexunit_lcd_comm34
  L_Flexunit_lcd_comm36
  L_end__lcd_init
  L__lcd_init39
  L__lcd_init41
  L__lcd_init43
  L__lcd_init45
  L_end__lcd_data
  L_end__lcd_cmd
  L_end__lcd_clear
  L_end__lcd_move
  L__lcd_move51
  L__lcd_move52
  L__lcd_move53
  L_end__lcd_text
  L__lcd_text55
  L__lcd_text56
  L__lcd_text57
  L__lcd_text58
  L__lcd_text59
  L_end__lcd_byte
  L_end__lcd_word
  L__lcd_word62
  L__lcd_word63
  L__lcd_word64
  L__lcd_word65
  L__lcd_word66
  L__lcd_word67
  L__lcd_word68
  L__lcd_word69
  L__lcd_word70
  L__lcd_word71
  L__lcd_word72
  L__lcd_word73
  L__lcd_word74
  L__lcd_word75
  L_end_serial_init
  _serial_init
  L_end_serial_send
  _serial_send
  L_end_Init_pwm
  _Init_pwm
  L_end_Init_int0
  _Init_int0
  L_end_Init_int1
  _Init_int1
  L_end_Init_int2
  _Init_int2
  L_end_Motor0
  _Motor0
  L__Motor083
  L_end_Motor1
  _Motor1
  L__Motor185
  L_end_stai_us
  _stai_us
  L_end_lcd_comm
  Flexunit_lcd_comm
  L_Flexunit_lcd_comm88
  L_end_lcd_init
  _lcd_init
  L_end_lcd_data
  _lcd_data
  L_end_lcd_cmd
  _lcd_cmd
  L_end_lcd_clear
  _lcd_clear
  L_end_lcd_move
  _lcd_move
  L__lcd_move94
  L_end_lcd_text
  _lcd_text
  L__lcd_text96
  L_end_lcd_byte
  _lcd_byte
  L_end_lcd_word
  _lcd_word
  L__lcd_word99
  L__lcd_word100
  L__lcd_word101
  L__lcd_word102
  L__lcd_word103
