0	1	mPAVR.exe -DBG -pATMEGA16 -MSF -LHF -Y -DL -SSA -O11111114 -fo16 -N"G:\MicMic\Laborator Microprocesoare\Laboratorul 12\lab12v2.mppav" -SP"C:\Users\Public\Documents\Mikroelektronika\mikroPascal PRO for AVR\defs\" -SP"C:\Users\Public\Documents\Mikroelektronika\mikroPascal PRO for AVR\uses\lte64kw\" -SP"G:\MicMic\Laborator Microprocesoare\Laboratorul 12\" "__Lib_Math.mcl" "__Lib_MathDouble.mcl" "__Lib_System.mcl" "__Lib_Delays.mcl" "__Lib_CType.mcl" "__Lib_String.mcl" "__Lib_Conversions.mcl" "__Lib_Time.mcl" "__Lib_Trigon.mcl" "__Lib_Trigonometry.mcl" "__Lib_Button.mcl" "__Lib_Keypad4x4.mcl" "__Lib_Manchester.mcl" "__Lib_OneWire.mcl" "__Lib_PS2.mcl" "__Lib_Sound.mcl" "__Lib_SoftI2C.mcl" "__Lib_SoftSPI.mcl" "__Lib_SoftUART.mcl" "__Lib_ADC.mcl" "__Lib_EEPROM_eew.mcl" "__Lib_FLASH_rwe.mcl" "__Lib_PWM_0.mcl" "__Lib_PWM1_2_presc.mcl" "__Lib_PWM16bit_12.mcl" "__Lib_SPI_b7654_x2.mcl" "__Lib_TWI.mcl" "__Lib_UART_d01_ursel.mcl" "__Lib_PortExpander.mcl" "__Lib_CANSPI.mcl" "__Lib_CF.mcl" "__Lib_CFFat16.mcl" "__Lib_GlcdFonts.mcl" "__Lib_Glcd.mcl" "__Lib_LcdConsts.mcl" "__Lib_Mmc.mcl" "__Lib_MmcFat16.mcl" "__Lib_RS485.mcl" "__Lib_S1D13700.mcl" "__Lib_T6963C.mcl" "__Lib_SPIGlcd.mcl" "__Lib_SPILcd.mcl" "__Lib_SPILcd8.mcl" "__Lib_SPIT6963C.mcl" "__Lib_TFT.mcl" "__Lib_TouchPanel_TFT.mcl" "__Lib_TouchPanel.mcl" "__Lib_EthEnc28j60.mcl" "__Lib_EthEnc24j600.mcl" "lab12v2.mpas"	 
diagnostics: 0	133	Compilation Started	G:\MicMic\Laborator Microprocesoare\Laboratorul 12\lab12v2.mpas
hint: 1	1015	Hint: Compiling unit "G:\MicMic\Laborator Microprocesoare\Laboratorul 12\lab12v2.mpas"	lab12v2.mpas
hint: 29	1018	Warning: Suspicious pointer conversion	lab12v2.mpas
hint: 30	1018	Warning: Suspicious pointer conversion	lab12v2.mpas
hint: 31	1018	Warning: Suspicious pointer conversion	lab12v2.mpas
hint: 32	1018	Warning: Suspicious pointer conversion	lab12v2.mpas
hint: 36	1018	Warning: Suspicious pointer conversion	lab12v2.mpas
hint: 37	1018	Warning: Suspicious pointer conversion	lab12v2.mpas
hint: 38	1018	Warning: Suspicious pointer conversion	lab12v2.mpas
hint: 39	1018	Warning: Suspicious pointer conversion	lab12v2.mpas
hint: 44	1010	Hint: Unit "lab12v2.mpas" has been recompiled	lab12v2.mpas
diagnostics: 0	134	Compiled Successfully	G:\MicMic\Laborator Microprocesoare\Laboratorul 12\lab12v2.mpas
diagnostics: 0	139	All files Compiled in 47 ms	 
hint: 0	1144	Used RX (bytes): 11 (34%)   Free RX (bytes): 21 (66%)	Used RX (bytes): 11 (34%)   Free RX (bytes): 21 (66%)
hint: 0	1144	Static RAM (bytes): 4   Dynamic RAM (bytes): 1020	Static RAM (bytes): 4   Dynamic RAM (bytes): 1020
hint: 0	1144	Used ROM (bytes): 1054 (6%)  Free ROM (bytes): 15330 (94%)	Used ROM (bytes): 1054 (6%)  Free ROM (bytes): 15330 (94%)
diagnostics: 0	145	Project Linked Successfully	lab12v2.mppav
diagnostics: 0	140	Linked in 125 ms	 
diagnostics: 0	141	Project 'lab12v2.mppav' completed: 219 ms	 
diagnostics: 0	103	Finished successfully: 07 May 2020, 19:07:07	lab12v2.mppav
